# JRE version: OpenJDK Runtime Environment Temurin-21.0.9+10 (21.0.9+10) (build 21.0.9+10-LTS)
# Java VM: OpenJDK 64-Bit Server VM Temurin-21.0.9+10 (21.0.9+10-LTS, mixed mode, sharing, tiered, compressed oops, compressed class ptrs, g1 gc, windows-amd64)
GC Precious Log:
 CardTable entry size: 512
 Card Set container configuration: InlinePtr #cards 5 size 8 Array Of Cards #cards 12 size 40 Howl #buckets 4 coarsen threshold 1843 Howl Bitmap #cards 512 size 80 coarsen threshold 460 Card regions per heap region 1 cards per card region 2048
 CPUs: 12 total, 12 available
 Memory: 7915M
 Large Page Support: Disabled
 NUMA Support: Disabled
 Compressed Oops: Enabled (32-bit)
 Heap Region Size: 1M
 Heap Min Capacity: 8M
 Heap Initial Capacity: 124M
 Heap Max Capacity: 1980M
 Pre-touch: Disabled
 Parallel Workers: 10
 Concurrent Workers: 3
 Concurrent Refinement Workers: 10
 Periodic GC: Disabled
Heap:
 garbage-first heap   total 79872K, used 50692K [0x0000000084400000, 0x0000000100000000)
  region size 1024K, 10 young (10240K), 4 survivors (4096K)
 Metaspace       used 70719K, committed 71680K, reserved 1114112K
  class space    used 9285K, committed 9728K, reserved 1048576K
GC Heap History (20 events):
Event: 8.037 GC heap before
{Heap before GC invocations=8 (full 0):
 garbage-first heap   total 66560K, used 24461K [0x0000000084400000, 0x0000000100000000)
  region size 1024K, 7 young (7168K), 4 survivors (4096K)
 Metaspace       used 35567K, committed 36096K, reserved 1114112K
  class space    used 4365K, committed 4608K, reserved 1048576K
}
Event: 8.048 GC heap after
{Heap after GC invocations=9 (full 0):
 garbage-first heap   total 66560K, used 24027K [0x0000000084400000, 0x0000000100000000)
  region size 1024K, 3 young (3072K), 3 survivors (3072K)
 Metaspace       used 35567K, committed 36096K, reserved 1114112K
  class space    used 4365K, committed 4608K, reserved 1048576K
}
Event: 9.793 GC heap before
{Heap before GC invocations=10 (full 0):
 garbage-first heap   total 66560K, used 53723K [0x0000000084400000, 0x0000000100000000)
  region size 1024K, 32 young (32768K), 3 survivors (3072K)
 Metaspace       used 40723K, committed 41280K, reserved 1114112K
  class space    used 5068K, committed 5312K, reserved 1048576K
}
Event: 9.804 GC heap after
{Heap after GC invocations=11 (full 0):
 garbage-first heap   total 66560K, used 26800K [0x0000000084400000, 0x0000000100000000)
  region size 1024K, 4 young (4096K), 4 survivors (4096K)
 Metaspace       used 40723K, committed 41280K, reserved 1114112K
  class space    used 5068K, committed 5312K, reserved 1048576K
}
Event: 10.587 GC heap before
{Heap before GC invocations=11 (full 0):
 garbage-first heap   total 66560K, used 54448K [0x0000000084400000, 0x0000000100000000)
  region size 1024K, 32 young (32768K), 4 survivors (4096K)
 Metaspace       used 43551K, committed 44288K, reserved 1114112K
  class space    used 5466K, committed 5824K, reserved 1048576K
}
Event: 10.602 GC heap after
{Heap after GC invocations=12 (full 0):
 garbage-first heap   total 66560K, used 27227K [0x0000000084400000, 0x0000000100000000)
  region size 1024K, 2 young (2048K), 2 survivors (2048K)
 Metaspace       used 43551K, committed 44288K, reserved 1114112K
  class space    used 5466K, committed 5824K, reserved 1048576K
}
Event: 11.559 GC heap before
{Heap before GC invocations=12 (full 0):
 garbage-first heap   total 66560K, used 55899K [0x0000000084400000, 0x0000000100000000)
  region size 1024K, 31 young (31744K), 2 survivors (2048K)
 Metaspace       used 47921K, committed 48640K, reserved 1114112K
  class space    used 6122K, committed 6464K, reserved 1048576K
}
Event: 11.567 GC heap after
{Heap after GC invocations=13 (full 0):
 garbage-first heap   total 79872K, used 28672K [0x0000000084400000, 0x0000000100000000)
  region size 1024K, 3 young (3072K), 3 survivors (3072K)
 Metaspace       used 47921K, committed 48640K, reserved 1114112K
  class space    used 6122K, committed 6464K, reserved 1048576K
}
Event: 13.148 GC heap before
{Heap before GC invocations=13 (full 0):
 garbage-first heap   total 79872K, used 68608K [0x0000000084400000, 0x0000000100000000)
  region size 1024K, 42 young (43008K), 3 survivors (3072K)
 Metaspace       used 53697K, committed 54400K, reserved 1114112K
  class space    used 7022K, committed 7360K, reserved 1048576K
}
Event: 13.156 GC heap after
{Heap after GC invocations=14 (full 0):
 garbage-first heap   total 79872K, used 35189K [0x0000000084400000, 0x0000000100000000)
  region size 1024K, 6 young (6144K), 6 survivors (6144K)
 Metaspace       used 53697K, committed 54400K, reserved 1114112K
  class space    used 7022K, committed 7360K, reserved 1048576K
}
Event: 14.044 GC heap before
{Heap before GC invocations=14 (full 0):
 garbage-first heap   total 79872K, used 67957K [0x0000000084400000, 0x0000000100000000)
  region size 1024K, 38 young (38912K), 6 survivors (6144K)
 Metaspace       used 56870K, committed 57600K, reserved 1114112K
  class space    used 7453K, committed 7808K, reserved 1048576K
}
Event: 14.051 GC heap after
{Heap after GC invocations=15 (full 0):
 garbage-first heap   total 79872K, used 37942K [0x0000000084400000, 0x0000000100000000)
  region size 1024K, 3 young (3072K), 3 survivors (3072K)
 Metaspace       used 56870K, committed 57600K, reserved 1114112K
  class space    used 7453K, committed 7808K, reserved 1048576K
}
Event: 14.904 GC heap before
{Heap before GC invocations=15 (full 0):
 garbage-first heap   total 79872K, used 48182K [0x0000000084400000, 0x0000000100000000)
  region size 1024K, 14 young (14336K), 3 survivors (3072K)
 Metaspace       used 59760K, committed 60480K, reserved 1114112K
  class space    used 7855K, committed 8192K, reserved 1048576K
}
Event: 14.911 GC heap after
{Heap after GC invocations=16 (full 0):
 garbage-first heap   total 79872K, used 39321K [0x0000000084400000, 0x0000000100000000)
  region size 1024K, 4 young (4096K), 4 survivors (4096K)
 Metaspace       used 59760K, committed 60480K, reserved 1114112K
  class space    used 7855K, committed 8192K, reserved 1048576K
}
Event: 17.543 GC heap before
{Heap before GC invocations=17 (full 0):
 garbage-first heap   total 79872K, used 66969K [0x0000000084400000, 0x0000000100000000)
  region size 1024K, 32 young (32768K), 4 survivors (4096K)
 Metaspace       used 61965K, committed 62848K, reserved 1114112K
  class space    used 8170K, committed 8576K, reserved 1048576K
}
Event: 17.554 GC heap after
{Heap after GC invocations=18 (full 0):
 garbage-first heap   total 79872K, used 41809K [0x0000000084400000, 0x0000000100000000)
  region size 1024K, 4 young (4096K), 4 survivors (4096K)
 Metaspace       used 61965K, committed 62848K, reserved 1114112K
  class space    used 8170K, committed 8576K, reserved 1048576K
}
Event: 24.920 GC heap before
{Heap before GC invocations=18 (full 0):
 garbage-first heap   total 79872K, used 68433K [0x0000000084400000, 0x0000000100000000)
  region size 1024K, 31 young (31744K), 4 survivors (4096K)
 Metaspace       used 65844K, committed 66752K, reserved 1114112K
  class space    used 8708K, committed 9152K, reserved 1048576K
}
Event: 24.924 GC heap after
{Heap after GC invocations=19 (full 0):
 garbage-first heap   total 79872K, used 43170K [0x0000000084400000, 0x0000000100000000)
  region size 1024K, 2 young (2048K), 2 survivors (2048K)
 Metaspace       used 65844K, committed 66752K, reserved 1114112K
  class space    used 8708K, committed 9152K, reserved 1048576K
}
Event: 149.169 GC heap before
{Heap before GC invocations=19 (full 0):
 garbage-first heap   total 79872K, used 68770K [0x0000000084400000, 0x0000000100000000)
  region size 1024K, 28 young (28672K), 2 survivors (2048K)
 Metaspace       used 70526K, committed 71552K, reserved 1114112K
  class space    used 9277K, committed 9728K, reserved 1048576K
}
Event: 149.307 GC heap after
{Heap after GC invocations=20 (full 0):
 garbage-first heap   total 79872K, used 45572K [0x0000000084400000, 0x0000000100000000)
  region size 1024K, 4 young (4096K), 4 survivors (4096K)
 Metaspace       used 70526K, committed 71552K, reserved 1114112K
  class space    used 9277K, committed 9728K, reserved 1048576K
}

