# JRE version: OpenJDK Runtime Environment Temurin-21.0.9+10 (21.0.9+10) (build 21.0.9+10-LTS)
# Java VM: OpenJDK 64-Bit Server VM Temurin-21.0.9+10 (21.0.9+10-LTS, mixed mode, sharing, tiered, compressed oops, compressed class ptrs, g1 gc, windows-amd64)
GC Precious Log:
 CardTable entry size: 512
 Card Set container configuration: InlinePtr #cards 5 size 8 Array Of Cards #cards 12 size 40 Howl #buckets 4 coarsen threshold 1843 Howl Bitmap #cards 512 size 80 coarsen threshold 460 Card regions per heap region 1 cards per card region 2048
 CPUs: 12 total, 12 available
 Memory: 7915M
 Large Page Support: Disabled
 NUMA Support: Disabled
 Compressed Oops: Enabled (32-bit)
 Heap Region Size: 1M
 Heap Min Capacity: 8M
 Heap Initial Capacity: 124M
 Heap Max Capacity: 1980M
 Pre-touch: Disabled
 Parallel Workers: 10
 Concurrent Workers: 3
 Concurrent Refinement Workers: 10
 Periodic GC: Disabled
Heap:
 garbage-first heap   total 215040K, used 109725K [0x0000000084400000, 0x0000000100000000)
  region size 1024K, 33 young (33792K), 11 survivors (11264K)
 Metaspace       used 101155K, committed 102144K, reserved 1179648K
  class space    used 13722K, committed 14144K, reserved 1048576K
GC Heap History (20 events):
Event: 14.222 GC heap before
{Heap before GC invocations=23 (full 0):
 garbage-first heap   total 84992K, used 73181K [0x0000000084400000, 0x0000000100000000)
  region size 1024K, 27 young (27648K), 4 survivors (4096K)
 Metaspace       used 80005K, committed 80768K, reserved 1179648K
  class space    used 11034K, committed 11392K, reserved 1048576K
}
Event: 14.229 GC heap after
{Heap after GC invocations=24 (full 0):
 garbage-first heap   total 102400K, used 54012K [0x0000000084400000, 0x0000000100000000)
  region size 1024K, 4 young (4096K), 4 survivors (4096K)
 Metaspace       used 80005K, committed 80768K, reserved 1179648K
  class space    used 11034K, committed 11392K, reserved 1048576K
}
Event: 14.619 GC heap before
{Heap before GC invocations=25 (full 0):
 garbage-first heap   total 102400K, used 88828K [0x0000000084400000, 0x0000000100000000)
  region size 1024K, 38 young (38912K), 4 survivors (4096K)
 Metaspace       used 81550K, committed 82368K, reserved 1179648K
  class space    used 11223K, committed 11584K, reserved 1048576K
}
Event: 14.623 GC heap after
{Heap after GC invocations=26 (full 0):
 garbage-first heap   total 102400K, used 55115K [0x0000000084400000, 0x0000000100000000)
  region size 1024K, 2 young (2048K), 2 survivors (2048K)
 Metaspace       used 81550K, committed 82368K, reserved 1179648K
  class space    used 11223K, committed 11584K, reserved 1048576K
}
Event: 14.879 GC heap before
{Heap before GC invocations=26 (full 0):
 garbage-first heap   total 102400K, used 89931K [0x0000000084400000, 0x0000000100000000)
  region size 1024K, 36 young (36864K), 2 survivors (2048K)
 Metaspace       used 81891K, committed 82624K, reserved 1179648K
  class space    used 11242K, committed 11584K, reserved 1048576K
}
Event: 14.884 GC heap after
{Heap after GC invocations=27 (full 0):
 garbage-first heap   total 102400K, used 57087K [0x0000000084400000, 0x0000000100000000)
  region size 1024K, 4 young (4096K), 4 survivors (4096K)
 Metaspace       used 81891K, committed 82624K, reserved 1179648K
  class space    used 11242K, committed 11584K, reserved 1048576K
}
Event: 14.939 GC heap before
{Heap before GC invocations=27 (full 0):
 garbage-first heap   total 102400K, used 90879K [0x0000000084400000, 0x0000000100000000)
  region size 1024K, 37 young (37888K), 4 survivors (4096K)
 Metaspace       used 81900K, committed 82624K, reserved 1179648K
  class space    used 11242K, committed 11584K, reserved 1048576K
}
Event: 14.944 GC heap after
{Heap after GC invocations=28 (full 0):
 garbage-first heap   total 102400K, used 57259K [0x0000000084400000, 0x0000000100000000)
  region size 1024K, 3 young (3072K), 3 survivors (3072K)
 Metaspace       used 81900K, committed 82624K, reserved 1179648K
  class space    used 11242K, committed 11584K, reserved 1048576K
}
Event: 15.022 GC heap before
{Heap before GC invocations=29 (full 0):
 garbage-first heap   total 102400K, used 90027K [0x0000000084400000, 0x0000000100000000)
  region size 1024K, 37 young (37888K), 3 survivors (3072K)
 Metaspace       used 81900K, committed 82624K, reserved 1179648K
  class space    used 11242K, committed 11584K, reserved 1048576K
}
Event: 15.032 GC heap after
{Heap after GC invocations=30 (full 0):
 garbage-first heap   total 104448K, used 66532K [0x0000000084400000, 0x0000000100000000)
  region size 1024K, 5 young (5120K), 5 survivors (5120K)
 Metaspace       used 81900K, committed 82624K, reserved 1179648K
  class space    used 11242K, committed 11584K, reserved 1048576K
}
Event: 15.066 GC heap before
{Heap before GC invocations=30 (full 0):
 garbage-first heap   total 104448K, used 92132K [0x0000000084400000, 0x0000000100000000)
  region size 1024K, 29 young (29696K), 5 survivors (5120K)
 Metaspace       used 81900K, committed 82624K, reserved 1179648K
  class space    used 11242K, committed 11584K, reserved 1048576K
}
Event: 15.076 GC heap after
{Heap after GC invocations=31 (full 0):
 garbage-first heap   total 215040K, used 70602K [0x0000000084400000, 0x0000000100000000)
  region size 1024K, 4 young (4096K), 4 survivors (4096K)
 Metaspace       used 81900K, committed 82624K, reserved 1179648K
  class space    used 11242K, committed 11584K, reserved 1048576K
}
Event: 15.949 GC heap before
{Heap before GC invocations=31 (full 0):
 garbage-first heap   total 215040K, used 161738K [0x0000000084400000, 0x0000000100000000)
  region size 1024K, 94 young (96256K), 4 survivors (4096K)
 Metaspace       used 82524K, committed 83328K, reserved 1179648K
  class space    used 11293K, committed 11648K, reserved 1048576K
}
Event: 15.958 GC heap after
{Heap after GC invocations=32 (full 0):
 garbage-first heap   total 215040K, used 73674K [0x0000000084400000, 0x0000000100000000)
  region size 1024K, 7 young (7168K), 7 survivors (7168K)
 Metaspace       used 82524K, committed 83328K, reserved 1179648K
  class space    used 11293K, committed 11648K, reserved 1048576K
}
Event: 21.260 GC heap before
{Heap before GC invocations=32 (full 0):
 garbage-first heap   total 215040K, used 185290K [0x0000000084400000, 0x0000000100000000)
  region size 1024K, 116 young (118784K), 7 survivors (7168K)
 Metaspace       used 86149K, committed 86848K, reserved 1179648K
  class space    used 11833K, committed 12160K, reserved 1048576K
}
Event: 21.271 GC heap after
{Heap after GC invocations=33 (full 0):
 garbage-first heap   total 215040K, used 79234K [0x0000000084400000, 0x0000000100000000)
  region size 1024K, 13 young (13312K), 13 survivors (13312K)
 Metaspace       used 86149K, committed 86848K, reserved 1179648K
  class space    used 11833K, committed 12160K, reserved 1048576K
}
Event: 24.905 GC heap before
{Heap before GC invocations=33 (full 0):
 garbage-first heap   total 215040K, used 189826K [0x0000000084400000, 0x0000000100000000)
  region size 1024K, 121 young (123904K), 13 survivors (13312K)
 Metaspace       used 89483K, committed 90368K, reserved 1179648K
  class space    used 12345K, committed 12736K, reserved 1048576K
}
Event: 24.919 GC heap after
{Heap after GC invocations=34 (full 0):
 garbage-first heap   total 215040K, used 84777K [0x0000000084400000, 0x0000000100000000)
  region size 1024K, 14 young (14336K), 14 survivors (14336K)
 Metaspace       used 89483K, committed 90368K, reserved 1179648K
  class space    used 12345K, committed 12736K, reserved 1048576K
}
Event: 975.808 GC heap before
{Heap before GC invocations=35 (full 0):
 garbage-first heap   total 215040K, used 189225K [0x0000000084400000, 0x0000000100000000)
  region size 1024K, 118 young (120832K), 14 survivors (14336K)
 Metaspace       used 100676K, committed 101632K, reserved 1179648K
  class space    used 13707K, committed 14144K, reserved 1048576K
}
Event: 975.984 GC heap after
{Heap after GC invocations=36 (full 0):
 garbage-first heap   total 215040K, used 88221K [0x0000000084400000, 0x0000000100000000)
  region size 1024K, 11 young (11264K), 11 survivors (11264K)
 Metaspace       used 100676K, committed 101632K, reserved 1179648K
  class space    used 13707K, committed 14144K, reserved 1048576K
}

