# JRE version: OpenJDK Runtime Environment Temurin-21.0.9+10 (21.0.9+10) (build 21.0.9+10-LTS)
# Java VM: OpenJDK 64-Bit Server VM Temurin-21.0.9+10 (21.0.9+10-LTS, mixed mode, sharing, tiered, compressed oops, compressed class ptrs, g1 gc, windows-amd64)
GC Precious Log:
 CardTable entry size: 512
 Card Set container configuration: InlinePtr #cards 5 size 8 Array Of Cards #cards 12 size 40 Howl #buckets 4 coarsen threshold 1843 Howl Bitmap #cards 512 size 80 coarsen threshold 460 Card regions per heap region 1 cards per card region 2048
 CPUs: 12 total, 12 available
 Memory: 7915M
 Large Page Support: Disabled
 NUMA Support: Disabled
 Compressed Oops: Enabled (32-bit)
 Heap Region Size: 1M
 Heap Min Capacity: 8M
 Heap Initial Capacity: 124M
 Heap Max Capacity: 1980M
 Pre-touch: Disabled
 Parallel Workers: 10
 Concurrent Workers: 3
 Concurrent Refinement Workers: 10
 Periodic GC: Disabled
Heap:
 garbage-first heap   total 106496K, used 80161K [0x0000000084400000, 0x0000000100000000)
  region size 1024K, 20 young (20480K), 3 survivors (3072K)
 Metaspace       used 102717K, committed 103744K, reserved 1179648K
  class space    used 14049K, committed 14528K, reserved 1048576K
GC Heap History (20 events):
Event: 19.660 GC heap before
{Heap before GC invocations=28 (full 0):
 garbage-first heap   total 80896K, used 72168K [0x0000000084400000, 0x0000000100000000)
  region size 1024K, 25 young (25600K), 2 survivors (2048K)
 Metaspace       used 81565K, committed 82304K, reserved 1179648K
  class space    used 11202K, committed 11520K, reserved 1048576K
}
Event: 19.664 GC heap after
{Heap after GC invocations=29 (full 0):
 garbage-first heap   total 80896K, used 49924K [0x0000000084400000, 0x0000000100000000)
  region size 1024K, 3 young (3072K), 3 survivors (3072K)
 Metaspace       used 81565K, committed 82304K, reserved 1179648K
  class space    used 11202K, committed 11520K, reserved 1048576K
}
Event: 19.953 GC heap before
{Heap before GC invocations=30 (full 0):
 garbage-first heap   total 83968K, used 71428K [0x0000000084400000, 0x0000000100000000)
  region size 1024K, 26 young (26624K), 3 survivors (3072K)
 Metaspace       used 82169K, committed 82944K, reserved 1179648K
  class space    used 11284K, committed 11648K, reserved 1048576K
}
Event: 19.957 GC heap after
{Heap after GC invocations=31 (full 0):
 garbage-first heap   total 83968K, used 49883K [0x0000000084400000, 0x0000000100000000)
  region size 1024K, 3 young (3072K), 3 survivors (3072K)
 Metaspace       used 82169K, committed 82944K, reserved 1179648K
  class space    used 11284K, committed 11648K, reserved 1048576K
}
Event: 20.704 GC heap before
{Heap before GC invocations=31 (full 0):
 garbage-first heap   total 83968K, used 76507K [0x0000000084400000, 0x0000000100000000)
  region size 1024K, 29 young (29696K), 3 survivors (3072K)
 Metaspace       used 83703K, committed 84416K, reserved 1179648K
  class space    used 11506K, committed 11840K, reserved 1048576K
}
Event: 20.711 GC heap after
{Heap after GC invocations=32 (full 0):
 garbage-first heap   total 101376K, used 49289K [0x0000000084400000, 0x0000000100000000)
  region size 1024K, 4 young (4096K), 4 survivors (4096K)
 Metaspace       used 83703K, committed 84416K, reserved 1179648K
  class space    used 11506K, committed 11840K, reserved 1048576K
}
Event: 21.310 GC heap before
{Heap before GC invocations=32 (full 0):
 garbage-first heap   total 101376K, used 90249K [0x0000000084400000, 0x0000000100000000)
  region size 1024K, 45 young (46080K), 4 survivors (4096K)
 Metaspace       used 85267K, committed 86016K, reserved 1179648K
  class space    used 11720K, committed 12032K, reserved 1048576K
}
Event: 21.316 GC heap after
{Heap after GC invocations=33 (full 0):
 garbage-first heap   total 101376K, used 51720K [0x0000000084400000, 0x0000000100000000)
  region size 1024K, 6 young (6144K), 6 survivors (6144K)
 Metaspace       used 85267K, committed 86016K, reserved 1179648K
  class space    used 11720K, committed 12032K, reserved 1048576K
}
Event: 21.761 GC heap before
{Heap before GC invocations=33 (full 0):
 garbage-first heap   total 101376K, used 91656K [0x0000000084400000, 0x0000000100000000)
  region size 1024K, 45 young (46080K), 6 survivors (6144K)
 Metaspace       used 86119K, committed 86912K, reserved 1179648K
  class space    used 11875K, committed 12224K, reserved 1048576K
}
Event: 21.767 GC heap after
{Heap after GC invocations=34 (full 0):
 garbage-first heap   total 101376K, used 53679K [0x0000000084400000, 0x0000000100000000)
  region size 1024K, 5 young (5120K), 5 survivors (5120K)
 Metaspace       used 86119K, committed 86912K, reserved 1179648K
  class space    used 11875K, committed 12224K, reserved 1048576K
}
Event: 22.187 GC heap before
{Heap before GC invocations=34 (full 0):
 garbage-first heap   total 101376K, used 92591K [0x0000000084400000, 0x0000000100000000)
  region size 1024K, 43 young (44032K), 5 survivors (5120K)
 Metaspace       used 87776K, committed 88576K, reserved 1179648K
  class space    used 12136K, committed 12480K, reserved 1048576K
}
Event: 22.194 GC heap after
{Heap after GC invocations=35 (full 0):
 garbage-first heap   total 101376K, used 56090K [0x0000000084400000, 0x0000000100000000)
  region size 1024K, 5 young (5120K), 5 survivors (5120K)
 Metaspace       used 87776K, committed 88576K, reserved 1179648K
  class space    used 12136K, committed 12480K, reserved 1048576K
}
Event: 22.937 GC heap before
{Heap before GC invocations=36 (full 0):
 garbage-first heap   total 101376K, used 91930K [0x0000000084400000, 0x0000000100000000)
  region size 1024K, 41 young (41984K), 5 survivors (5120K)
 Metaspace       used 89169K, committed 90048K, reserved 1179648K
  class space    used 12349K, committed 12736K, reserved 1048576K
}
Event: 22.943 GC heap after
{Heap after GC invocations=37 (full 0):
 garbage-first heap   total 101376K, used 57860K [0x0000000084400000, 0x0000000100000000)
  region size 1024K, 5 young (5120K), 5 survivors (5120K)
 Metaspace       used 89169K, committed 90048K, reserved 1179648K
  class space    used 12349K, committed 12736K, reserved 1048576K
}
Event: 23.447 GC heap before
{Heap before GC invocations=37 (full 0):
 garbage-first heap   total 101376K, used 91652K [0x0000000084400000, 0x0000000100000000)
  region size 1024K, 39 young (39936K), 5 survivors (5120K)
 Metaspace       used 92356K, committed 93312K, reserved 1179648K
  class space    used 12805K, committed 13248K, reserved 1048576K
}
Event: 23.455 GC heap after
{Heap after GC invocations=38 (full 0):
 garbage-first heap   total 103424K, used 59458K [0x0000000084400000, 0x0000000100000000)
  region size 1024K, 5 young (5120K), 5 survivors (5120K)
 Metaspace       used 92356K, committed 93312K, reserved 1179648K
  class space    used 12805K, committed 13248K, reserved 1048576K
}
Event: 31.279 GC heap before
{Heap before GC invocations=38 (full 0):
 garbage-first heap   total 103424K, used 94274K [0x0000000084400000, 0x0000000100000000)
  region size 1024K, 39 young (39936K), 5 survivors (5120K)
 Metaspace       used 99129K, committed 100032K, reserved 1179648K
  class space    used 13734K, committed 14144K, reserved 1048576K
}
Event: 31.288 GC heap after
{Heap after GC invocations=39 (full 0):
 garbage-first heap   total 103424K, used 62315K [0x0000000084400000, 0x0000000100000000)
  region size 1024K, 4 young (4096K), 4 survivors (4096K)
 Metaspace       used 99129K, committed 100032K, reserved 1179648K
  class space    used 13734K, committed 14144K, reserved 1048576K
}
Event: 653.563 GC heap before
{Heap before GC invocations=40 (full 0):
 garbage-first heap   total 106496K, used 94059K [0x0000000084400000, 0x0000000100000000)
  region size 1024K, 36 young (36864K), 4 survivors (4096K)
 Metaspace       used 102222K, committed 103232K, reserved 1179648K
  class space    used 14036K, committed 14464K, reserved 1048576K
}
Event: 653.634 GC heap after
{Heap after GC invocations=41 (full 0):
 garbage-first heap   total 106496K, used 64801K [0x0000000084400000, 0x0000000100000000)
  region size 1024K, 3 young (3072K), 3 survivors (3072K)
 Metaspace       used 102222K, committed 103232K, reserved 1179648K
  class space    used 14036K, committed 14464K, reserved 1048576K
}

