# JRE version: OpenJDK Runtime Environment Temurin-21.0.9+10 (21.0.9+10) (build 21.0.9+10-LTS)
# Java VM: OpenJDK 64-Bit Server VM Temurin-21.0.9+10 (21.0.9+10-LTS, mixed mode, sharing, tiered, compressed oops, compressed class ptrs, g1 gc, windows-amd64)
GC Precious Log:
 CardTable entry size: 512
 Card Set container configuration: InlinePtr #cards 5 size 8 Array Of Cards #cards 12 size 40 Howl #buckets 4 coarsen threshold 1843 Howl Bitmap #cards 512 size 80 coarsen threshold 460 Card regions per heap region 1 cards per card region 2048
 CPUs: 12 total, 12 available
 Memory: 7915M
 Large Page Support: Disabled
 NUMA Support: Disabled
 Compressed Oops: Enabled (32-bit)
 Heap Region Size: 1M
 Heap Min Capacity: 8M
 Heap Initial Capacity: 124M
 Heap Max Capacity: 1980M
 Pre-touch: Disabled
 Parallel Workers: 10
 Concurrent Workers: 3
 Concurrent Refinement Workers: 10
 Periodic GC: Disabled
Heap:
 garbage-first heap   total 96256K, used 81405K [0x0000000084400000, 0x0000000100000000)
  region size 1024K, 27 young (27648K), 2 survivors (2048K)
 Metaspace       used 100354K, committed 101248K, reserved 1179648K
  class space    used 13817K, committed 14208K, reserved 1048576K
GC Heap History (20 events):
Event: 21.935 GC heap before
{Heap before GC invocations=25 (full 0):
 garbage-first heap   total 80896K, used 72835K [0x0000000084400000, 0x0000000100000000)
  region size 1024K, 30 young (30720K), 4 survivors (4096K)
 Metaspace       used 81707K, committed 82432K, reserved 1179648K
  class space    used 11275K, committed 11584K, reserved 1048576K
}
Event: 21.941 GC heap after
{Heap after GC invocations=26 (full 0):
 garbage-first heap   total 80896K, used 48538K [0x0000000084400000, 0x0000000100000000)
  region size 1024K, 3 young (3072K), 3 survivors (3072K)
 Metaspace       used 81707K, committed 82432K, reserved 1179648K
  class space    used 11275K, committed 11584K, reserved 1048576K
}
Event: 23.282 GC heap before
{Heap before GC invocations=26 (full 0):
 garbage-first heap   total 80896K, used 74138K [0x0000000084400000, 0x0000000100000000)
  region size 1024K, 28 young (28672K), 3 survivors (3072K)
 Metaspace       used 83590K, committed 84288K, reserved 1179648K
  class space    used 11538K, committed 11840K, reserved 1048576K
}
Event: 23.291 GC heap after
{Heap after GC invocations=27 (full 0):
 garbage-first heap   total 81920K, used 49598K [0x0000000084400000, 0x0000000100000000)
  region size 1024K, 4 young (4096K), 4 survivors (4096K)
 Metaspace       used 83590K, committed 84288K, reserved 1179648K
  class space    used 11538K, committed 11840K, reserved 1048576K
}
Event: 23.852 GC heap before
{Heap before GC invocations=27 (full 0):
 garbage-first heap   total 81920K, used 74174K [0x0000000084400000, 0x0000000100000000)
  region size 1024K, 29 young (29696K), 4 survivors (4096K)
 Metaspace       used 84110K, committed 84928K, reserved 1179648K
  class space    used 11610K, committed 11968K, reserved 1048576K
}
Event: 23.858 GC heap after
{Heap after GC invocations=28 (full 0):
 garbage-first heap   total 81920K, used 51107K [0x0000000084400000, 0x0000000100000000)
  region size 1024K, 4 young (4096K), 4 survivors (4096K)
 Metaspace       used 84110K, committed 84928K, reserved 1179648K
  class space    used 11610K, committed 11968K, reserved 1048576K
}
Event: 25.416 GC heap before
{Heap before GC invocations=29 (full 0):
 garbage-first heap   total 87040K, used 75683K [0x0000000084400000, 0x0000000100000000)
  region size 1024K, 28 young (28672K), 4 survivors (4096K)
 Metaspace       used 84603K, committed 85440K, reserved 1179648K
  class space    used 11687K, committed 12096K, reserved 1048576K
}
Event: 25.421 GC heap after
{Heap after GC invocations=30 (full 0):
 garbage-first heap   total 87040K, used 51880K [0x0000000084400000, 0x0000000100000000)
  region size 1024K, 3 young (3072K), 3 survivors (3072K)
 Metaspace       used 84603K, committed 85440K, reserved 1179648K
  class space    used 11687K, committed 12096K, reserved 1048576K
}
Event: 26.343 GC heap before
{Heap before GC invocations=30 (full 0):
 garbage-first heap   total 87040K, used 80552K [0x0000000084400000, 0x0000000100000000)
  region size 1024K, 31 young (31744K), 3 survivors (3072K)
 Metaspace       used 85220K, committed 86016K, reserved 1179648K
  class space    used 11793K, committed 12160K, reserved 1048576K
}
Event: 26.351 GC heap after
{Heap after GC invocations=31 (full 0):
 garbage-first heap   total 89088K, used 49894K [0x0000000084400000, 0x0000000100000000)
  region size 1024K, 3 young (3072K), 3 survivors (3072K)
 Metaspace       used 85220K, committed 86016K, reserved 1179648K
  class space    used 11793K, committed 12160K, reserved 1048576K
}
Event: 27.363 GC heap before
{Heap before GC invocations=31 (full 0):
 garbage-first heap   total 89088K, used 81638K [0x0000000084400000, 0x0000000100000000)
  region size 1024K, 35 young (35840K), 3 survivors (3072K)
 Metaspace       used 86122K, committed 86912K, reserved 1179648K
  class space    used 11920K, committed 12288K, reserved 1048576K
}
Event: 27.371 GC heap after
{Heap after GC invocations=32 (full 0):
 garbage-first heap   total 89088K, used 51195K [0x0000000084400000, 0x0000000100000000)
  region size 1024K, 4 young (4096K), 4 survivors (4096K)
 Metaspace       used 86122K, committed 86912K, reserved 1179648K
  class space    used 11920K, committed 12288K, reserved 1048576K
}
Event: 28.616 GC heap before
{Heap before GC invocations=33 (full 0):
 garbage-first heap   total 89088K, used 81915K [0x0000000084400000, 0x0000000100000000)
  region size 1024K, 35 young (35840K), 4 survivors (4096K)
 Metaspace       used 87314K, committed 88192K, reserved 1179648K
  class space    used 12111K, committed 12480K, reserved 1048576K
}
Event: 28.622 GC heap after
{Heap after GC invocations=34 (full 0):
 garbage-first heap   total 90112K, used 52818K [0x0000000084400000, 0x0000000100000000)
  region size 1024K, 4 young (4096K), 4 survivors (4096K)
 Metaspace       used 87314K, committed 88192K, reserved 1179648K
  class space    used 12111K, committed 12480K, reserved 1048576K
}
Event: 31.184 GC heap before
{Heap before GC invocations=34 (full 0):
 garbage-first heap   total 90112K, used 83538K [0x0000000084400000, 0x0000000100000000)
  region size 1024K, 34 young (34816K), 4 survivors (4096K)
 Metaspace       used 88844K, committed 89664K, reserved 1179648K
  class space    used 12321K, committed 12672K, reserved 1048576K
}
Event: 31.194 GC heap after
{Heap after GC invocations=35 (full 0):
 garbage-first heap   total 91136K, used 53140K [0x0000000084400000, 0x0000000100000000)
  region size 1024K, 3 young (3072K), 3 survivors (3072K)
 Metaspace       used 88844K, committed 89664K, reserved 1179648K
  class space    used 12321K, committed 12672K, reserved 1048576K
}
Event: 33.697 GC heap before
{Heap before GC invocations=35 (full 0):
 garbage-first heap   total 91136K, used 84884K [0x0000000084400000, 0x0000000100000000)
  region size 1024K, 35 young (35840K), 3 survivors (3072K)
 Metaspace       used 91930K, committed 92800K, reserved 1179648K
  class space    used 12785K, committed 13184K, reserved 1048576K
}
Event: 33.706 GC heap after
{Heap after GC invocations=36 (full 0):
 garbage-first heap   total 93184K, used 56074K [0x0000000084400000, 0x0000000100000000)
  region size 1024K, 5 young (5120K), 5 survivors (5120K)
 Metaspace       used 91930K, committed 92800K, reserved 1179648K
  class space    used 12785K, committed 13184K, reserved 1048576K
}
Event: 1189.350 GC heap before
{Heap before GC invocations=37 (full 0):
 garbage-first heap   total 96256K, used 84746K [0x0000000084400000, 0x0000000100000000)
  region size 1024K, 34 young (34816K), 5 survivors (5120K)
 Metaspace       used 96573K, committed 97536K, reserved 1179648K
  class space    used 13335K, committed 13760K, reserved 1048576K
}
Event: 1189.502 GC heap after
{Heap after GC invocations=38 (full 0):
 garbage-first heap   total 96256K, used 57853K [0x0000000084400000, 0x0000000100000000)
  region size 1024K, 2 young (2048K), 2 survivors (2048K)
 Metaspace       used 96573K, committed 97536K, reserved 1179648K
  class space    used 13335K, committed 13760K, reserved 1048576K
}

