# JRE version: OpenJDK Runtime Environment Temurin-21.0.9+10 (21.0.9+10) (build 21.0.9+10-LTS)
# Java VM: OpenJDK 64-Bit Server VM Temurin-21.0.9+10 (21.0.9+10-LTS, mixed mode, sharing, tiered, compressed oops, compressed class ptrs, parallel gc, windows-amd64)
GC Precious Log:
 CardTable entry size: 512
 CPUs: 12 total, 12 available
 Memory: 7915M
 Large Page Support: Disabled
 NUMA Support: Disabled
 Compressed Oops: Enabled (32-bit)
 Alignments: Space 512K, Generation 512K, Heap 2M
 Heap Min Capacity: 100M
 Heap Initial Capacity: 100M
 Heap Max Capacity: 2G
 Pre-touch: Disabled
 Parallel Workers: 10
Heap:
 PSYoungGen      total 5632K, used 5087K [0x00000000d5580000, 0x00000000d5c80000, 0x0000000100000000)
  eden space 4096K, 99% used [0x00000000d5580000,0x00000000d597b3e8,0x00000000d5980000)
  from space 1536K, 65% used [0x00000000d5980000,0x00000000d5a7c9a0,0x00000000d5b00000)
  to   space 1024K, 46% used [0x00000000d5b80000,0x00000000d5bf8000,0x00000000d5c80000)
 ParOldGen       total 185856K, used 185855K [0x0000000080000000, 0x000000008b580000, 0x00000000d5580000)
  object space 185856K, 99% used [0x0000000080000000,0x000000008b57ffa0,0x000000008b580000)
 Metaspace       used 66740K, committed 68224K, reserved 1114112K
  class space    used 7178K, committed 7872K, reserved 1048576K
GC Heap History (20 events):
Event: 63.143 GC heap after
{Heap after GC invocations=146 (full 3):
 PSYoungGen      total 5632K, used 1002K [0x00000000d5580000, 0x00000000d5e00000, 0x0000000100000000)
  eden space 4608K, 0% used [0x00000000d5580000,0x00000000d5580000,0x00000000d5a00000)
  from space 1024K, 97% used [0x00000000d5a80000,0x00000000d5b7abc8,0x00000000d5b80000)
  to   space 2048K, 0% used [0x00000000d5c00000,0x00000000d5c00000,0x00000000d5e00000)
 ParOldGen       total 177152K, used 176699K [0x0000000080000000, 0x000000008ad00000, 0x00000000d5580000)
  object space 177152K, 99% used [0x0000000080000000,0x000000008ac8ec18,0x000000008ad00000)
 Metaspace       used 66576K, committed 67968K, reserved 1114112K
  class space    used 7160K, committed 7808K, reserved 1048576K
}
Event: 63.159 GC heap before
{Heap before GC invocations=147 (full 3):
 PSYoungGen      total 5632K, used 5610K [0x00000000d5580000, 0x00000000d5e00000, 0x0000000100000000)
  eden space 4608K, 100% used [0x00000000d5580000,0x00000000d5a00000,0x00000000d5a00000)
  from space 1024K, 97% used [0x00000000d5a80000,0x00000000d5b7abc8,0x00000000d5b80000)
  to   space 2048K, 0% used [0x00000000d5c00000,0x00000000d5c00000,0x00000000d5e00000)
 ParOldGen       total 177152K, used 176699K [0x0000000080000000, 0x000000008ad00000, 0x00000000d5580000)
  object space 177152K, 99% used [0x0000000080000000,0x000000008ac8ec18,0x000000008ad00000)
 Metaspace       used 66598K, committed 67968K, reserved 1114112K
  class space    used 7163K, committed 7808K, reserved 1048576K
}
Event: 63.162 GC heap after
{Heap after GC invocations=147 (full 3):
 PSYoungGen      total 5632K, used 1020K [0x00000000d5580000, 0x00000000d5d00000, 0x0000000100000000)
  eden space 4608K, 0% used [0x00000000d5580000,0x00000000d5580000,0x00000000d5a00000)
  from space 1024K, 99% used [0x00000000d5c00000,0x00000000d5cff2e0,0x00000000d5d00000)
  to   space 1536K, 0% used [0x00000000d5a00000,0x00000000d5a00000,0x00000000d5b80000)
 ParOldGen       total 177664K, used 177642K [0x0000000080000000, 0x000000008ad80000, 0x00000000d5580000)
  object space 177664K, 99% used [0x0000000080000000,0x000000008ad7a838,0x000000008ad80000)
 Metaspace       used 66598K, committed 67968K, reserved 1114112K
  class space    used 7163K, committed 7808K, reserved 1048576K
}
Event: 63.275 GC heap before
{Heap before GC invocations=148 (full 3):
 PSYoungGen      total 5632K, used 5628K [0x00000000d5580000, 0x00000000d5d00000, 0x0000000100000000)
  eden space 4608K, 100% used [0x00000000d5580000,0x00000000d5a00000,0x00000000d5a00000)
  from space 1024K, 99% used [0x00000000d5c00000,0x00000000d5cff2e0,0x00000000d5d00000)
  to   space 1536K, 0% used [0x00000000d5a00000,0x00000000d5a00000,0x00000000d5b80000)
 ParOldGen       total 177664K, used 177642K [0x0000000080000000, 0x000000008ad80000, 0x00000000d5580000)
  object space 177664K, 99% used [0x0000000080000000,0x000000008ad7a838,0x000000008ad80000)
 Metaspace       used 66625K, committed 68032K, reserved 1114112K
  class space    used 7164K, committed 7808K, reserved 1048576K
}
Event: 63.279 GC heap after
{Heap after GC invocations=148 (full 3):
 PSYoungGen      total 6144K, used 1152K [0x00000000d5580000, 0x00000000d5d00000, 0x0000000100000000)
  eden space 4608K, 0% used [0x00000000d5580000,0x00000000d5580000,0x00000000d5a00000)
  from space 1536K, 75% used [0x00000000d5a00000,0x00000000d5b20000,0x00000000d5b80000)
  to   space 1536K, 0% used [0x00000000d5b80000,0x00000000d5b80000,0x00000000d5d00000)
 ParOldGen       total 178688K, used 178560K [0x0000000080000000, 0x000000008ae80000, 0x00000000d5580000)
  object space 178688K, 99% used [0x0000000080000000,0x000000008ae60260,0x000000008ae80000)
 Metaspace       used 66625K, committed 68032K, reserved 1114112K
  class space    used 7164K, committed 7808K, reserved 1048576K
}
Event: 63.301 GC heap before
{Heap before GC invocations=149 (full 3):
 PSYoungGen      total 6144K, used 5760K [0x00000000d5580000, 0x00000000d5d00000, 0x0000000100000000)
  eden space 4608K, 100% used [0x00000000d5580000,0x00000000d5a00000,0x00000000d5a00000)
  from space 1536K, 75% used [0x00000000d5a00000,0x00000000d5b20000,0x00000000d5b80000)
  to   space 1536K, 0% used [0x00000000d5b80000,0x00000000d5b80000,0x00000000d5d00000)
 ParOldGen       total 178688K, used 178560K [0x0000000080000000, 0x000000008ae80000, 0x00000000d5580000)
  object space 178688K, 99% used [0x0000000080000000,0x000000008ae60260,0x000000008ae80000)
 Metaspace       used 66641K, committed 68032K, reserved 1114112K
  class space    used 7165K, committed 7808K, reserved 1048576K
}
Event: 63.304 GC heap after
{Heap after GC invocations=149 (full 3):
 PSYoungGen      total 6144K, used 1026K [0x00000000d5580000, 0x00000000d5d00000, 0x0000000100000000)
  eden space 4608K, 0% used [0x00000000d5580000,0x00000000d5580000,0x00000000d5a00000)
  from space 1536K, 66% used [0x00000000d5b80000,0x00000000d5c80818,0x00000000d5d00000)
  to   space 1536K, 0% used [0x00000000d5a00000,0x00000000d5a00000,0x00000000d5b80000)
 ParOldGen       total 179712K, used 179538K [0x0000000080000000, 0x000000008af80000, 0x00000000d5580000)
  object space 179712K, 99% used [0x0000000080000000,0x000000008af54928,0x000000008af80000)
 Metaspace       used 66641K, committed 68032K, reserved 1114112K
  class space    used 7165K, committed 7808K, reserved 1048576K
}
Event: 63.401 GC heap before
{Heap before GC invocations=150 (full 3):
 PSYoungGen      total 6144K, used 5634K [0x00000000d5580000, 0x00000000d5d00000, 0x0000000100000000)
  eden space 4608K, 100% used [0x00000000d5580000,0x00000000d5a00000,0x00000000d5a00000)
  from space 1536K, 66% used [0x00000000d5b80000,0x00000000d5c80818,0x00000000d5d00000)
  to   space 1536K, 0% used [0x00000000d5a00000,0x00000000d5a00000,0x00000000d5b80000)
 ParOldGen       total 179712K, used 179538K [0x0000000080000000, 0x000000008af80000, 0x00000000d5580000)
  object space 179712K, 99% used [0x0000000080000000,0x000000008af54928,0x000000008af80000)
 Metaspace       used 66659K, committed 68032K, reserved 1114112K
  class space    used 7168K, committed 7808K, reserved 1048576K
}
Event: 63.404 GC heap after
{Heap after GC invocations=150 (full 3):
 PSYoungGen      total 6144K, used 1049K [0x00000000d5580000, 0x00000000d5d00000, 0x0000000100000000)
  eden space 4608K, 0% used [0x00000000d5580000,0x00000000d5580000,0x00000000d5a00000)
  from space 1536K, 68% used [0x00000000d5a00000,0x00000000d5b06668,0x00000000d5b80000)
  to   space 1536K, 0% used [0x00000000d5b80000,0x00000000d5b80000,0x00000000d5d00000)
 ParOldGen       total 180736K, used 180444K [0x0000000080000000, 0x000000008b080000, 0x00000000d5580000)
  object space 180736K, 99% used [0x0000000080000000,0x000000008b037338,0x000000008b080000)
 Metaspace       used 66659K, committed 68032K, reserved 1114112K
  class space    used 7168K, committed 7808K, reserved 1048576K
}
Event: 63.516 GC heap before
{Heap before GC invocations=151 (full 3):
 PSYoungGen      total 6144K, used 5657K [0x00000000d5580000, 0x00000000d5d00000, 0x0000000100000000)
  eden space 4608K, 100% used [0x00000000d5580000,0x00000000d5a00000,0x00000000d5a00000)
  from space 1536K, 68% used [0x00000000d5a00000,0x00000000d5b06668,0x00000000d5b80000)
  to   space 1536K, 0% used [0x00000000d5b80000,0x00000000d5b80000,0x00000000d5d00000)
 ParOldGen       total 180736K, used 180444K [0x0000000080000000, 0x000000008b080000, 0x00000000d5580000)
  object space 180736K, 99% used [0x0000000080000000,0x000000008b037338,0x000000008b080000)
 Metaspace       used 66679K, committed 68096K, reserved 1114112K
  class space    used 7173K, committed 7808K, reserved 1048576K
}
Event: 63.521 GC heap after
{Heap after GC invocations=151 (full 3):
 PSYoungGen      total 5632K, used 933K [0x00000000d5580000, 0x00000000d5c80000, 0x0000000100000000)
  eden space 4608K, 0% used [0x00000000d5580000,0x00000000d5580000,0x00000000d5a00000)
  from space 1024K, 91% used [0x00000000d5b80000,0x00000000d5c69790,0x00000000d5c80000)
  to   space 1024K, 0% used [0x00000000d5a80000,0x00000000d5a80000,0x00000000d5b80000)
 ParOldGen       total 181760K, used 181365K [0x0000000080000000, 0x000000008b180000, 0x00000000d5580000)
  object space 181760K, 99% used [0x0000000080000000,0x000000008b11d440,0x000000008b180000)
 Metaspace       used 66679K, committed 68096K, reserved 1114112K
  class space    used 7173K, committed 7808K, reserved 1048576K
}
Event: 63.545 GC heap before
{Heap before GC invocations=152 (full 3):
 PSYoungGen      total 5632K, used 5541K [0x00000000d5580000, 0x00000000d5c80000, 0x0000000100000000)
  eden space 4608K, 100% used [0x00000000d5580000,0x00000000d5a00000,0x00000000d5a00000)
  from space 1024K, 91% used [0x00000000d5b80000,0x00000000d5c69790,0x00000000d5c80000)
  to   space 1024K, 0% used [0x00000000d5a80000,0x00000000d5a80000,0x00000000d5b80000)
 ParOldGen       total 181760K, used 181365K [0x0000000080000000, 0x000000008b180000, 0x00000000d5580000)
  object space 181760K, 99% used [0x0000000080000000,0x000000008b11d440,0x000000008b180000)
 Metaspace       used 66688K, committed 68160K, reserved 1114112K
  class space    used 7175K, committed 7872K, reserved 1048576K
}
Event: 63.547 GC heap after
{Heap after GC invocations=152 (full 3):
 PSYoungGen      total 5632K, used 994K [0x00000000d5580000, 0x00000000d5c00000, 0x0000000100000000)
  eden space 4608K, 0% used [0x00000000d5580000,0x00000000d5580000,0x00000000d5a00000)
  from space 1024K, 97% used [0x00000000d5a80000,0x00000000d5b78bd0,0x00000000d5b80000)
  to   space 512K, 0% used [0x00000000d5b80000,0x00000000d5b80000,0x00000000d5c00000)
 ParOldGen       total 182272K, used 182162K [0x0000000080000000, 0x000000008b200000, 0x00000000d5580000)
  object space 182272K, 99% used [0x0000000080000000,0x000000008b1e4b30,0x000000008b200000)
 Metaspace       used 66688K, committed 68160K, reserved 1114112K
  class space    used 7175K, committed 7872K, reserved 1048576K
}
Event: 63.607 GC heap before
{Heap before GC invocations=153 (full 3):
 PSYoungGen      total 5632K, used 5602K [0x00000000d5580000, 0x00000000d5c00000, 0x0000000100000000)
  eden space 4608K, 100% used [0x00000000d5580000,0x00000000d5a00000,0x00000000d5a00000)
  from space 1024K, 97% used [0x00000000d5a80000,0x00000000d5b78bd0,0x00000000d5b80000)
  to   space 512K, 0% used [0x00000000d5b80000,0x00000000d5b80000,0x00000000d5c00000)
 ParOldGen       total 182272K, used 182162K [0x0000000080000000, 0x000000008b200000, 0x00000000d5580000)
  object space 182272K, 99% used [0x0000000080000000,0x000000008b1e4b30,0x000000008b200000)
 Metaspace       used 66707K, committed 68160K, reserved 1114112K
  class space    used 7176K, committed 7872K, reserved 1048576K
}
Event: 63.611 GC heap after
{Heap after GC invocations=153 (full 3):
 PSYoungGen      total 4608K, used 481K [0x00000000d5580000, 0x00000000d5e00000, 0x0000000100000000)
  eden space 4096K, 0% used [0x00000000d5580000,0x00000000d5580000,0x00000000d5980000)
  from space 512K, 94% used [0x00000000d5b80000,0x00000000d5bf8798,0x00000000d5c00000)
  to   space 2048K, 0% used [0x00000000d5980000,0x00000000d5980000,0x00000000d5b80000)
 ParOldGen       total 183808K, used 183444K [0x0000000080000000, 0x000000008b380000, 0x00000000d5580000)
  object space 183808K, 99% used [0x0000000080000000,0x000000008b3253c0,0x000000008b380000)
 Metaspace       used 66707K, committed 68160K, reserved 1114112K
  class space    used 7176K, committed 7872K, reserved 1048576K
}
Event: 63.627 GC heap before
{Heap before GC invocations=154 (full 3):
 PSYoungGen      total 4608K, used 4562K [0x00000000d5580000, 0x00000000d5e00000, 0x0000000100000000)
  eden space 4096K, 99% used [0x00000000d5580000,0x00000000d597c348,0x00000000d5980000)
  from space 512K, 94% used [0x00000000d5b80000,0x00000000d5bf8798,0x00000000d5c00000)
  to   space 2048K, 0% used [0x00000000d5980000,0x00000000d5980000,0x00000000d5b80000)
 ParOldGen       total 183808K, used 183444K [0x0000000080000000, 0x000000008b380000, 0x00000000d5580000)
  object space 183808K, 99% used [0x0000000080000000,0x000000008b3253c0,0x000000008b380000)
 Metaspace       used 66720K, committed 68160K, reserved 1114112K
  class space    used 7176K, committed 7872K, reserved 1048576K
}
Event: 63.630 GC heap after
{Heap after GC invocations=154 (full 3):
 PSYoungGen      total 5120K, used 775K [0x00000000d5580000, 0x00000000d5c80000, 0x0000000100000000)
  eden space 4096K, 0% used [0x00000000d5580000,0x00000000d5580000,0x00000000d5980000)
  from space 1024K, 75% used [0x00000000d5980000,0x00000000d5a41f90,0x00000000d5a80000)
  to   space 1536K, 0% used [0x00000000d5b00000,0x00000000d5b00000,0x00000000d5c80000)
 ParOldGen       total 184320K, used 183933K [0x0000000080000000, 0x000000008b400000, 0x00000000d5580000)
  object space 184320K, 99% used [0x0000000080000000,0x000000008b39f740,0x000000008b400000)
 Metaspace       used 66720K, committed 68160K, reserved 1114112K
  class space    used 7176K, committed 7872K, reserved 1048576K
}
Event: 63.646 GC heap before
{Heap before GC invocations=155 (full 3):
 PSYoungGen      total 5120K, used 4871K [0x00000000d5580000, 0x00000000d5c80000, 0x0000000100000000)
  eden space 4096K, 100% used [0x00000000d5580000,0x00000000d5980000,0x00000000d5980000)
  from space 1024K, 75% used [0x00000000d5980000,0x00000000d5a41f90,0x00000000d5a80000)
  to   space 1536K, 0% used [0x00000000d5b00000,0x00000000d5b00000,0x00000000d5c80000)
 ParOldGen       total 184320K, used 183933K [0x0000000080000000, 0x000000008b400000, 0x00000000d5580000)
  object space 184320K, 99% used [0x0000000080000000,0x000000008b39f740,0x000000008b400000)
 Metaspace       used 66731K, committed 68224K, reserved 1114112K
  class space    used 7178K, committed 7872K, reserved 1048576K
}
Event: 63.649 GC heap after
{Heap after GC invocations=155 (full 3):
 PSYoungGen      total 5632K, used 992K [0x00000000d5580000, 0x00000000d5c80000, 0x0000000100000000)
  eden space 4096K, 0% used [0x00000000d5580000,0x00000000d5580000,0x00000000d5980000)
  from space 1536K, 64% used [0x00000000d5b00000,0x00000000d5bf8040,0x00000000d5c80000)
  to   space 1536K, 0% used [0x00000000d5980000,0x00000000d5980000,0x00000000d5b00000)
 ParOldGen       total 184832K, used 184500K [0x0000000080000000, 0x000000008b480000, 0x00000000d5580000)
  object space 184832K, 99% used [0x0000000080000000,0x000000008b42d3d8,0x000000008b480000)
 Metaspace       used 66731K, committed 68224K, reserved 1114112K
  class space    used 7178K, committed 7872K, reserved 1048576K
}
Event: 63.672 GC heap before
{Heap before GC invocations=156 (full 3):
 PSYoungGen      total 5632K, used 5088K [0x00000000d5580000, 0x00000000d5c80000, 0x0000000100000000)
  eden space 4096K, 100% used [0x00000000d5580000,0x00000000d5980000,0x00000000d5980000)
  from space 1536K, 64% used [0x00000000d5b00000,0x00000000d5bf8040,0x00000000d5c80000)
  to   space 1536K, 0% used [0x00000000d5980000,0x00000000d5980000,0x00000000d5b00000)
 ParOldGen       total 184832K, used 184500K [0x0000000080000000, 0x000000008b480000, 0x00000000d5580000)
  object space 184832K, 99% used [0x0000000080000000,0x000000008b42d3d8,0x000000008b480000)
 Metaspace       used 66731K, committed 68224K, reserved 1114112K
  class space    used 7178K, committed 7872K, reserved 1048576K
}

