# JRE version: OpenJDK Runtime Environment Temurin-21.0.9+10 (21.0.9+10) (build 21.0.9+10-LTS)
# Java VM: OpenJDK 64-Bit Server VM Temurin-21.0.9+10 (21.0.9+10-LTS, mixed mode, sharing, tiered, compressed oops, compressed class ptrs, parallel gc, windows-amd64)
GC Precious Log:
 CardTable entry size: 512
 CPUs: 12 total, 12 available
 Memory: 7915M
 Large Page Support: Disabled
 NUMA Support: Disabled
 Compressed Oops: Enabled (32-bit)
 Alignments: Space 512K, Generation 512K, Heap 2M
 Heap Min Capacity: 100M
 Heap Initial Capacity: 100M
 Heap Max Capacity: 2G
 Pre-touch: Disabled
 Parallel Workers: 10
Heap:
 PSYoungGen      total 9728K, used 7821K [0x00000000d5580000, 0x00000000d6100000, 0x0000000100000000)
  eden space 7680K, 84% used [0x00000000d5580000,0x00000000d5bdbc78,0x00000000d5d00000)
  from space 2048K, 63% used [0x00000000d5f00000,0x00000000d6047ac8,0x00000000d6100000)
  to   space 2048K, 0% used [0x00000000d5d00000,0x00000000d5d00000,0x00000000d5f00000)
 ParOldGen       total 237056K, used 234235K [0x0000000080000000, 0x000000008e780000, 0x00000000d5580000)
  object space 237056K, 98% used [0x0000000080000000,0x000000008e4beef8,0x000000008e780000)
 Metaspace       used 60350K, committed 61824K, reserved 1114112K
  class space    used 6272K, committed 6912K, reserved 1048576K
GC Heap History (20 events):
Event: 40.477 GC heap after
{Heap after GC invocations=167 (full 4):
 PSYoungGen      total 9728K, used 1932K [0x00000000d5580000, 0x00000000d6100000, 0x0000000100000000)
  eden space 7680K, 0% used [0x00000000d5580000,0x00000000d5580000,0x00000000d5d00000)
  from space 2048K, 94% used [0x00000000d5e00000,0x00000000d5fe3090,0x00000000d6000000)
  to   space 1024K, 0% used [0x00000000d6000000,0x00000000d6000000,0x00000000d6100000)
 ParOldGen       total 237056K, used 221136K [0x0000000080000000, 0x000000008e780000, 0x00000000d5580000)
  object space 237056K, 93% used [0x0000000080000000,0x000000008d7f4038,0x000000008e780000)
 Metaspace       used 60201K, committed 61696K, reserved 1114112K
  class space    used 6258K, committed 6912K, reserved 1048576K
}
Event: 40.864 GC heap before
{Heap before GC invocations=168 (full 4):
 PSYoungGen      total 9728K, used 9612K [0x00000000d5580000, 0x00000000d6100000, 0x0000000100000000)
  eden space 7680K, 100% used [0x00000000d5580000,0x00000000d5d00000,0x00000000d5d00000)
  from space 2048K, 94% used [0x00000000d5e00000,0x00000000d5fe3090,0x00000000d6000000)
  to   space 1024K, 0% used [0x00000000d6000000,0x00000000d6000000,0x00000000d6100000)
 ParOldGen       total 237056K, used 221136K [0x0000000080000000, 0x000000008e780000, 0x00000000d5580000)
  object space 237056K, 93% used [0x0000000080000000,0x000000008d7f4038,0x000000008e780000)
 Metaspace       used 60204K, committed 61696K, reserved 1114112K
  class space    used 6258K, committed 6912K, reserved 1048576K
}
Event: 40.872 GC heap after
{Heap after GC invocations=168 (full 4):
 PSYoungGen      total 7680K, used 1024K [0x00000000d5580000, 0x00000000d6500000, 0x0000000100000000)
  eden space 6656K, 0% used [0x00000000d5580000,0x00000000d5580000,0x00000000d5c00000)
  from space 1024K, 100% used [0x00000000d6000000,0x00000000d6100000,0x00000000d6100000)
  to   space 4096K, 0% used [0x00000000d5c00000,0x00000000d5c00000,0x00000000d6000000)
 ParOldGen       total 237056K, used 223471K [0x0000000080000000, 0x000000008e780000, 0x00000000d5580000)
  object space 237056K, 94% used [0x0000000080000000,0x000000008da3be08,0x000000008e780000)
 Metaspace       used 60204K, committed 61696K, reserved 1114112K
  class space    used 6258K, committed 6912K, reserved 1048576K
}
Event: 40.926 GC heap before
{Heap before GC invocations=169 (full 4):
 PSYoungGen      total 7680K, used 7680K [0x00000000d5580000, 0x00000000d6500000, 0x0000000100000000)
  eden space 6656K, 100% used [0x00000000d5580000,0x00000000d5c00000,0x00000000d5c00000)
  from space 1024K, 100% used [0x00000000d6000000,0x00000000d6100000,0x00000000d6100000)
  to   space 4096K, 0% used [0x00000000d5c00000,0x00000000d5c00000,0x00000000d6000000)
 ParOldGen       total 237056K, used 223471K [0x0000000080000000, 0x000000008e780000, 0x00000000d5580000)
  object space 237056K, 94% used [0x0000000080000000,0x000000008da3be08,0x000000008e780000)
 Metaspace       used 60216K, committed 61696K, reserved 1114112K
  class space    used 6258K, committed 6912K, reserved 1048576K
}
Event: 40.929 GC heap after
{Heap after GC invocations=169 (full 4):
 PSYoungGen      total 8192K, used 1344K [0x00000000d5580000, 0x00000000d6100000, 0x0000000100000000)
  eden space 6656K, 0% used [0x00000000d5580000,0x00000000d5580000,0x00000000d5c00000)
  from space 1536K, 87% used [0x00000000d5c00000,0x00000000d5d50000,0x00000000d5d80000)
  to   space 2560K, 0% used [0x00000000d5e80000,0x00000000d5e80000,0x00000000d6100000)
 ParOldGen       total 237056K, used 224539K [0x0000000080000000, 0x000000008e780000, 0x00000000d5580000)
  object space 237056K, 94% used [0x0000000080000000,0x000000008db46c58,0x000000008e780000)
 Metaspace       used 60216K, committed 61696K, reserved 1114112K
  class space    used 6258K, committed 6912K, reserved 1048576K
}
Event: 40.962 GC heap before
{Heap before GC invocations=170 (full 4):
 PSYoungGen      total 8192K, used 8000K [0x00000000d5580000, 0x00000000d6100000, 0x0000000100000000)
  eden space 6656K, 100% used [0x00000000d5580000,0x00000000d5c00000,0x00000000d5c00000)
  from space 1536K, 87% used [0x00000000d5c00000,0x00000000d5d50000,0x00000000d5d80000)
  to   space 2560K, 0% used [0x00000000d5e80000,0x00000000d5e80000,0x00000000d6100000)
 ParOldGen       total 237056K, used 224539K [0x0000000080000000, 0x000000008e780000, 0x00000000d5580000)
  object space 237056K, 94% used [0x0000000080000000,0x000000008db46c58,0x000000008e780000)
 Metaspace       used 60230K, committed 61696K, reserved 1114112K
  class space    used 6260K, committed 6912K, reserved 1048576K
}
Event: 40.965 GC heap after
{Heap after GC invocations=170 (full 4):
 PSYoungGen      total 8704K, used 1552K [0x00000000d5580000, 0x00000000d6080000, 0x0000000100000000)
  eden space 6656K, 0% used [0x00000000d5580000,0x00000000d5580000,0x00000000d5c00000)
  from space 2048K, 75% used [0x00000000d5e80000,0x00000000d60043c8,0x00000000d6080000)
  to   space 2048K, 0% used [0x00000000d5c80000,0x00000000d5c80000,0x00000000d5e80000)
 ParOldGen       total 237056K, used 225747K [0x0000000080000000, 0x000000008e780000, 0x00000000d5580000)
  object space 237056K, 95% used [0x0000000080000000,0x000000008dc74d38,0x000000008e780000)
 Metaspace       used 60230K, committed 61696K, reserved 1114112K
  class space    used 6260K, committed 6912K, reserved 1048576K
}
Event: 41.012 GC heap before
{Heap before GC invocations=171 (full 4):
 PSYoungGen      total 8704K, used 8208K [0x00000000d5580000, 0x00000000d6080000, 0x0000000100000000)
  eden space 6656K, 100% used [0x00000000d5580000,0x00000000d5c00000,0x00000000d5c00000)
  from space 2048K, 75% used [0x00000000d5e80000,0x00000000d60043c8,0x00000000d6080000)
  to   space 2048K, 0% used [0x00000000d5c80000,0x00000000d5c80000,0x00000000d5e80000)
 ParOldGen       total 237056K, used 225747K [0x0000000080000000, 0x000000008e780000, 0x00000000d5580000)
  object space 237056K, 95% used [0x0000000080000000,0x000000008dc74d38,0x000000008e780000)
 Metaspace       used 60294K, committed 61760K, reserved 1114112K
  class space    used 6266K, committed 6912K, reserved 1048576K
}
Event: 41.015 GC heap after
{Heap after GC invocations=171 (full 4):
 PSYoungGen      total 8192K, used 1490K [0x00000000d5580000, 0x00000000d5f00000, 0x0000000100000000)
  eden space 6656K, 0% used [0x00000000d5580000,0x00000000d5580000,0x00000000d5c00000)
  from space 1536K, 97% used [0x00000000d5c80000,0x00000000d5df4ac8,0x00000000d5e00000)
  to   space 1024K, 0% used [0x00000000d5e00000,0x00000000d5e00000,0x00000000d5f00000)
 ParOldGen       total 237056K, used 227104K [0x0000000080000000, 0x000000008e780000, 0x00000000d5580000)
  object space 237056K, 95% used [0x0000000080000000,0x000000008ddc8250,0x000000008e780000)
 Metaspace       used 60294K, committed 61760K, reserved 1114112K
  class space    used 6266K, committed 6912K, reserved 1048576K
}
Event: 41.054 GC heap before
{Heap before GC invocations=172 (full 4):
 PSYoungGen      total 8192K, used 8146K [0x00000000d5580000, 0x00000000d5f00000, 0x0000000100000000)
  eden space 6656K, 100% used [0x00000000d5580000,0x00000000d5c00000,0x00000000d5c00000)
  from space 1536K, 97% used [0x00000000d5c80000,0x00000000d5df4ac8,0x00000000d5e00000)
  to   space 1024K, 0% used [0x00000000d5e00000,0x00000000d5e00000,0x00000000d5f00000)
 ParOldGen       total 237056K, used 227104K [0x0000000080000000, 0x000000008e780000, 0x00000000d5580000)
  object space 237056K, 95% used [0x0000000080000000,0x000000008ddc8250,0x000000008e780000)
 Metaspace       used 60297K, committed 61760K, reserved 1114112K
  class space    used 6266K, committed 6912K, reserved 1048576K
}
Event: 41.057 GC heap after
{Heap after GC invocations=172 (full 4):
 PSYoungGen      total 6656K, used 1020K [0x00000000d5580000, 0x00000000d6200000, 0x0000000100000000)
  eden space 5632K, 0% used [0x00000000d5580000,0x00000000d5580000,0x00000000d5b00000)
  from space 1024K, 99% used [0x00000000d5e00000,0x00000000d5eff010,0x00000000d5f00000)
  to   space 3072K, 0% used [0x00000000d5b00000,0x00000000d5b00000,0x00000000d5e00000)
 ParOldGen       total 237056K, used 228639K [0x0000000080000000, 0x000000008e780000, 0x00000000d5580000)
  object space 237056K, 96% used [0x0000000080000000,0x000000008df47dd8,0x000000008e780000)
 Metaspace       used 60297K, committed 61760K, reserved 1114112K
  class space    used 6266K, committed 6912K, reserved 1048576K
}
Event: 42.090 GC heap before
{Heap before GC invocations=173 (full 4):
 PSYoungGen      total 6656K, used 6652K [0x00000000d5580000, 0x00000000d6200000, 0x0000000100000000)
  eden space 5632K, 100% used [0x00000000d5580000,0x00000000d5b00000,0x00000000d5b00000)
  from space 1024K, 99% used [0x00000000d5e00000,0x00000000d5eff010,0x00000000d5f00000)
  to   space 3072K, 0% used [0x00000000d5b00000,0x00000000d5b00000,0x00000000d5e00000)
 ParOldGen       total 237056K, used 228639K [0x0000000080000000, 0x000000008e780000, 0x00000000d5580000)
  object space 237056K, 96% used [0x0000000080000000,0x000000008df47dd8,0x000000008e780000)
 Metaspace       used 60297K, committed 61760K, reserved 1114112K
  class space    used 6266K, committed 6912K, reserved 1048576K
}
Event: 42.092 GC heap after
{Heap after GC invocations=173 (full 4):
 PSYoungGen      total 7168K, used 1254K [0x00000000d5580000, 0x00000000d5f00000, 0x0000000100000000)
  eden space 5632K, 0% used [0x00000000d5580000,0x00000000d5580000,0x00000000d5b00000)
  from space 1536K, 81% used [0x00000000d5b00000,0x00000000d5c39b18,0x00000000d5c80000)
  to   space 2048K, 0% used [0x00000000d5d00000,0x00000000d5d00000,0x00000000d5f00000)
 ParOldGen       total 237056K, used 229620K [0x0000000080000000, 0x000000008e780000, 0x00000000d5580000)
  object space 237056K, 96% used [0x0000000080000000,0x000000008e03d310,0x000000008e780000)
 Metaspace       used 60297K, committed 61760K, reserved 1114112K
  class space    used 6266K, committed 6912K, reserved 1048576K
}
Event: 44.106 GC heap before
{Heap before GC invocations=174 (full 4):
 PSYoungGen      total 7168K, used 6886K [0x00000000d5580000, 0x00000000d5f00000, 0x0000000100000000)
  eden space 5632K, 100% used [0x00000000d5580000,0x00000000d5b00000,0x00000000d5b00000)
  from space 1536K, 81% used [0x00000000d5b00000,0x00000000d5c39b18,0x00000000d5c80000)
  to   space 2048K, 0% used [0x00000000d5d00000,0x00000000d5d00000,0x00000000d5f00000)
 ParOldGen       total 237056K, used 229620K [0x0000000080000000, 0x000000008e780000, 0x00000000d5580000)
  object space 237056K, 96% used [0x0000000080000000,0x000000008e03d310,0x000000008e780000)
 Metaspace       used 60297K, committed 61760K, reserved 1114112K
  class space    used 6266K, committed 6912K, reserved 1048576K
}
Event: 44.109 GC heap after
{Heap after GC invocations=174 (full 4):
 PSYoungGen      total 7168K, used 1250K [0x00000000d5580000, 0x00000000d5e80000, 0x0000000100000000)
  eden space 5632K, 0% used [0x00000000d5580000,0x00000000d5580000,0x00000000d5b00000)
  from space 1536K, 81% used [0x00000000d5d00000,0x00000000d5e389a0,0x00000000d5e80000)
  to   space 1536K, 0% used [0x00000000d5b00000,0x00000000d5b00000,0x00000000d5c80000)
 ParOldGen       total 237056K, used 230653K [0x0000000080000000, 0x000000008e780000, 0x00000000d5580000)
  object space 237056K, 97% used [0x0000000080000000,0x000000008e13f7d8,0x000000008e780000)
 Metaspace       used 60297K, committed 61760K, reserved 1114112K
  class space    used 6266K, committed 6912K, reserved 1048576K
}
Event: 44.131 GC heap before
{Heap before GC invocations=175 (full 4):
 PSYoungGen      total 7168K, used 6882K [0x00000000d5580000, 0x00000000d5e80000, 0x0000000100000000)
  eden space 5632K, 100% used [0x00000000d5580000,0x00000000d5b00000,0x00000000d5b00000)
  from space 1536K, 81% used [0x00000000d5d00000,0x00000000d5e389a0,0x00000000d5e80000)
  to   space 1536K, 0% used [0x00000000d5b00000,0x00000000d5b00000,0x00000000d5c80000)
 ParOldGen       total 237056K, used 230653K [0x0000000080000000, 0x000000008e780000, 0x00000000d5580000)
  object space 237056K, 97% used [0x0000000080000000,0x000000008e13f7d8,0x000000008e780000)
 Metaspace       used 60300K, committed 61760K, reserved 1114112K
  class space    used 6266K, committed 6912K, reserved 1048576K
}
Event: 44.133 GC heap after
{Heap after GC invocations=175 (full 4):
 PSYoungGen      total 7168K, used 606K [0x00000000d5580000, 0x00000000d5d80000, 0x0000000100000000)
  eden space 5632K, 0% used [0x00000000d5580000,0x00000000d5580000,0x00000000d5b00000)
  from space 1536K, 39% used [0x00000000d5b00000,0x00000000d5b979e8,0x00000000d5c80000)
  to   space 1024K, 0% used [0x00000000d5c80000,0x00000000d5c80000,0x00000000d5d80000)
 ParOldGen       total 237056K, used 231829K [0x0000000080000000, 0x000000008e780000, 0x00000000d5580000)
  object space 237056K, 97% used [0x0000000080000000,0x000000008e2655e8,0x000000008e780000)
 Metaspace       used 60300K, committed 61760K, reserved 1114112K
  class space    used 6266K, committed 6912K, reserved 1048576K
}
Event: 44.230 GC heap before
{Heap before GC invocations=176 (full 4):
 PSYoungGen      total 7168K, used 6238K [0x00000000d5580000, 0x00000000d5d80000, 0x0000000100000000)
  eden space 5632K, 100% used [0x00000000d5580000,0x00000000d5b00000,0x00000000d5b00000)
  from space 1536K, 39% used [0x00000000d5b00000,0x00000000d5b979e8,0x00000000d5c80000)
  to   space 1024K, 0% used [0x00000000d5c80000,0x00000000d5c80000,0x00000000d5d80000)
 ParOldGen       total 237056K, used 231829K [0x0000000080000000, 0x000000008e780000, 0x00000000d5580000)
  object space 237056K, 97% used [0x0000000080000000,0x000000008e2655e8,0x000000008e780000)
 Metaspace       used 60323K, committed 61760K, reserved 1114112K
  class space    used 6266K, committed 6912K, reserved 1048576K
}
Event: 44.232 GC heap after
{Heap after GC invocations=176 (full 4):
 PSYoungGen      total 6656K, used 786K [0x00000000d5580000, 0x00000000d5d80000, 0x0000000100000000)
  eden space 5632K, 0% used [0x00000000d5580000,0x00000000d5580000,0x00000000d5b00000)
  from space 1024K, 76% used [0x00000000d5c80000,0x00000000d5d44bd8,0x00000000d5d80000)
  to   space 1024K, 0% used [0x00000000d5b80000,0x00000000d5b80000,0x00000000d5c80000)
 ParOldGen       total 237056K, used 232331K [0x0000000080000000, 0x000000008e780000, 0x00000000d5580000)
  object space 237056K, 98% used [0x0000000080000000,0x000000008e2e2ea0,0x000000008e780000)
 Metaspace       used 60323K, committed 61760K, reserved 1114112K
  class space    used 6266K, committed 6912K, reserved 1048576K
}
Event: 44.273 GC heap before
{Heap before GC invocations=177 (full 4):
 PSYoungGen      total 6656K, used 6418K [0x00000000d5580000, 0x00000000d5d80000, 0x0000000100000000)
  eden space 5632K, 100% used [0x00000000d5580000,0x00000000d5b00000,0x00000000d5b00000)
  from space 1024K, 76% used [0x00000000d5c80000,0x00000000d5d44bd8,0x00000000d5d80000)
  to   space 1024K, 0% used [0x00000000d5b80000,0x00000000d5b80000,0x00000000d5c80000)
 ParOldGen       total 237056K, used 232331K [0x0000000080000000, 0x000000008e780000, 0x00000000d5580000)
  object space 237056K, 98% used [0x0000000080000000,0x000000008e2e2ea0,0x000000008e780000)
 Metaspace       used 60323K, committed 61760K, reserved 1114112K
  class space    used 6266K, committed 6912K, reserved 1048576K
}

