# JRE version: OpenJDK Runtime Environment Temurin-21.0.9+10 (21.0.9+10) (build 21.0.9+10-LTS)
# Java VM: OpenJDK 64-Bit Server VM Temurin-21.0.9+10 (21.0.9+10-LTS, mixed mode, sharing, tiered, compressed oops, compressed class ptrs, parallel gc, windows-amd64)
GC Precious Log:
 CardTable entry size: 512
 CPUs: 12 total, 12 available
 Memory: 7915M
 Large Page Support: Disabled
 NUMA Support: Disabled
 Compressed Oops: Enabled (32-bit)
 Alignments: Space 512K, Generation 512K, Heap 2M
 Heap Min Capacity: 100M
 Heap Initial Capacity: 100M
 Heap Max Capacity: 2G
 Pre-touch: Disabled
 Parallel Workers: 10
Heap:
 PSYoungGen      total 14336K, used 7194K [0x00000000d5580000, 0x00000000d6780000, 0x0000000100000000)
  eden space 12288K, 42% used [0x00000000d5580000,0x00000000d5a91450,0x00000000d6180000)
  from space 2048K, 97% used [0x00000000d6580000,0x00000000d6775570,0x00000000d6780000)
  to   space 3072K, 0% used [0x00000000d6180000,0x00000000d6180000,0x00000000d6480000)
 ParOldGen       total 153088K, used 153014K [0x0000000080000000, 0x0000000089580000, 0x00000000d5580000)
  object space 153088K, 99% used [0x0000000080000000,0x000000008956db50,0x0000000089580000)
 Metaspace       used 55365K, committed 56704K, reserved 1114112K
  class space    used 5981K, committed 6592K, reserved 1048576K
GC Heap History (20 events):
Event: 9.798 GC heap before
{Heap before GC invocations=64 (full 2):
 PSYoungGen      total 12800K, used 12415K [0x00000000d5580000, 0x00000000d6480000, 0x0000000100000000)
  eden space 10240K, 100% used [0x00000000d5580000,0x00000000d5f80000,0x00000000d5f80000)
  from space 2560K, 84% used [0x00000000d5f80000,0x00000000d619fe18,0x00000000d6200000)
  to   space 2560K, 0% used [0x00000000d6200000,0x00000000d6200000,0x00000000d6480000)
 ParOldGen       total 136704K, used 136553K [0x0000000080000000, 0x0000000088580000, 0x00000000d5580000)
  object space 136704K, 99% used [0x0000000080000000,0x000000008855a438,0x0000000088580000)
 Metaspace       used 54060K, committed 55424K, reserved 1114112K
  class space    used 5871K, committed 6464K, reserved 1048576K
}
Event: 9.801 GC heap after
{Heap after GC invocations=64 (full 2):
 PSYoungGen      total 12800K, used 1975K [0x00000000d5580000, 0x00000000d6480000, 0x0000000100000000)
  eden space 10240K, 0% used [0x00000000d5580000,0x00000000d5580000,0x00000000d5f80000)
  from space 2560K, 77% used [0x00000000d6200000,0x00000000d63edf78,0x00000000d6480000)
  to   space 2560K, 0% used [0x00000000d5f80000,0x00000000d5f80000,0x00000000d6200000)
 ParOldGen       total 138752K, used 138535K [0x0000000080000000, 0x0000000088780000, 0x00000000d5580000)
  object space 138752K, 99% used [0x0000000080000000,0x0000000088749cd8,0x0000000088780000)
 Metaspace       used 54060K, committed 55424K, reserved 1114112K
  class space    used 5871K, committed 6464K, reserved 1048576K
}
Event: 9.832 GC heap before
{Heap before GC invocations=65 (full 2):
 PSYoungGen      total 12800K, used 12215K [0x00000000d5580000, 0x00000000d6480000, 0x0000000100000000)
  eden space 10240K, 100% used [0x00000000d5580000,0x00000000d5f80000,0x00000000d5f80000)
  from space 2560K, 77% used [0x00000000d6200000,0x00000000d63edf78,0x00000000d6480000)
  to   space 2560K, 0% used [0x00000000d5f80000,0x00000000d5f80000,0x00000000d6200000)
 ParOldGen       total 138752K, used 138535K [0x0000000080000000, 0x0000000088780000, 0x00000000d5580000)
  object space 138752K, 99% used [0x0000000080000000,0x0000000088749cd8,0x0000000088780000)
 Metaspace       used 54231K, committed 55616K, reserved 1114112K
  class space    used 5885K, committed 6464K, reserved 1048576K
}
Event: 9.835 GC heap after
{Heap after GC invocations=65 (full 2):
 PSYoungGen      total 12800K, used 2542K [0x00000000d5580000, 0x00000000d6980000, 0x0000000100000000)
  eden space 10240K, 0% used [0x00000000d5580000,0x00000000d5580000,0x00000000d5f80000)
  from space 2560K, 99% used [0x00000000d5f80000,0x00000000d61fbab0,0x00000000d6200000)
  to   space 5120K, 0% used [0x00000000d6480000,0x00000000d6480000,0x00000000d6980000)
 ParOldGen       total 140800K, used 140365K [0x0000000080000000, 0x0000000088980000, 0x00000000d5580000)
  object space 140800K, 99% used [0x0000000080000000,0x00000000889136b8,0x0000000088980000)
 Metaspace       used 54231K, committed 55616K, reserved 1114112K
  class space    used 5885K, committed 6464K, reserved 1048576K
}
Event: 9.855 GC heap before
{Heap before GC invocations=66 (full 2):
 PSYoungGen      total 12800K, used 12782K [0x00000000d5580000, 0x00000000d6980000, 0x0000000100000000)
  eden space 10240K, 100% used [0x00000000d5580000,0x00000000d5f80000,0x00000000d5f80000)
  from space 2560K, 99% used [0x00000000d5f80000,0x00000000d61fbab0,0x00000000d6200000)
  to   space 5120K, 0% used [0x00000000d6480000,0x00000000d6480000,0x00000000d6980000)
 ParOldGen       total 140800K, used 140365K [0x0000000080000000, 0x0000000088980000, 0x00000000d5580000)
  object space 140800K, 99% used [0x0000000080000000,0x00000000889136b8,0x0000000088980000)
 Metaspace       used 54241K, committed 55616K, reserved 1114112K
  class space    used 5885K, committed 6464K, reserved 1048576K
}
Event: 9.858 GC heap after
{Heap after GC invocations=66 (full 2):
 PSYoungGen      total 12288K, used 1971K [0x00000000d5580000, 0x00000000d6680000, 0x0000000100000000)
  eden space 10240K, 0% used [0x00000000d5580000,0x00000000d5580000,0x00000000d5f80000)
  from space 2048K, 96% used [0x00000000d6480000,0x00000000d666cf90,0x00000000d6680000)
  to   space 3072K, 0% used [0x00000000d6080000,0x00000000d6080000,0x00000000d6380000)
 ParOldGen       total 142848K, used 142434K [0x0000000080000000, 0x0000000088b80000, 0x00000000d5580000)
  object space 142848K, 99% used [0x0000000080000000,0x0000000088b18b10,0x0000000088b80000)
 Metaspace       used 54241K, committed 55616K, reserved 1114112K
  class space    used 5885K, committed 6464K, reserved 1048576K
}
Event: 9.873 GC heap before
{Heap before GC invocations=67 (full 2):
 PSYoungGen      total 12288K, used 12211K [0x00000000d5580000, 0x00000000d6680000, 0x0000000100000000)
  eden space 10240K, 100% used [0x00000000d5580000,0x00000000d5f80000,0x00000000d5f80000)
  from space 2048K, 96% used [0x00000000d6480000,0x00000000d666cf90,0x00000000d6680000)
  to   space 3072K, 0% used [0x00000000d6080000,0x00000000d6080000,0x00000000d6380000)
 ParOldGen       total 142848K, used 142434K [0x0000000080000000, 0x0000000088b80000, 0x00000000d5580000)
  object space 142848K, 99% used [0x0000000080000000,0x0000000088b18b10,0x0000000088b80000)
 Metaspace       used 54262K, committed 55616K, reserved 1114112K
  class space    used 5885K, committed 6464K, reserved 1048576K
}
Event: 9.875 GC heap after
{Heap after GC invocations=67 (full 2):
 PSYoungGen      total 12800K, used 2201K [0x00000000d5580000, 0x00000000d6500000, 0x0000000100000000)
  eden space 10240K, 0% used [0x00000000d5580000,0x00000000d5580000,0x00000000d5f80000)
  from space 2560K, 85% used [0x00000000d6080000,0x00000000d62a6508,0x00000000d6300000)
  to   space 2048K, 0% used [0x00000000d6300000,0x00000000d6300000,0x00000000d6500000)
 ParOldGen       total 143872K, used 143420K [0x0000000080000000, 0x0000000088c80000, 0x00000000d5580000)
  object space 143872K, 99% used [0x0000000080000000,0x0000000088c0f138,0x0000000088c80000)
 Metaspace       used 54262K, committed 55616K, reserved 1114112K
  class space    used 5885K, committed 6464K, reserved 1048576K
}
Event: 9.894 GC heap before
{Heap before GC invocations=68 (full 2):
 PSYoungGen      total 12800K, used 12319K [0x00000000d5580000, 0x00000000d6500000, 0x0000000100000000)
  eden space 10240K, 98% used [0x00000000d5580000,0x00000000d5f617b0,0x00000000d5f80000)
  from space 2560K, 85% used [0x00000000d6080000,0x00000000d62a6508,0x00000000d6300000)
  to   space 2048K, 0% used [0x00000000d6300000,0x00000000d6300000,0x00000000d6500000)
 ParOldGen       total 143872K, used 143420K [0x0000000080000000, 0x0000000088c80000, 0x00000000d5580000)
  object space 143872K, 99% used [0x0000000080000000,0x0000000088c0f138,0x0000000088c80000)
 Metaspace       used 54262K, committed 55616K, reserved 1114112K
  class space    used 5885K, committed 6464K, reserved 1048576K
}
Event: 9.896 GC heap after
{Heap after GC invocations=68 (full 2):
 PSYoungGen      total 12288K, used 2037K [0x00000000d5580000, 0x00000000d6680000, 0x0000000100000000)
  eden space 10240K, 0% used [0x00000000d5580000,0x00000000d5580000,0x00000000d5f80000)
  from space 2048K, 99% used [0x00000000d6300000,0x00000000d64fd7a0,0x00000000d6500000)
  to   space 3584K, 0% used [0x00000000d5f80000,0x00000000d5f80000,0x00000000d6300000)
 ParOldGen       total 144896K, used 144728K [0x0000000080000000, 0x0000000088d80000, 0x00000000d5580000)
  object space 144896K, 99% used [0x0000000080000000,0x0000000088d56088,0x0000000088d80000)
 Metaspace       used 54262K, committed 55616K, reserved 1114112K
  class space    used 5885K, committed 6464K, reserved 1048576K
}
Event: 9.910 GC heap before
{Heap before GC invocations=69 (full 2):
 PSYoungGen      total 12288K, used 12277K [0x00000000d5580000, 0x00000000d6680000, 0x0000000100000000)
  eden space 10240K, 100% used [0x00000000d5580000,0x00000000d5f80000,0x00000000d5f80000)
  from space 2048K, 99% used [0x00000000d6300000,0x00000000d64fd7a0,0x00000000d6500000)
  to   space 3584K, 0% used [0x00000000d5f80000,0x00000000d5f80000,0x00000000d6300000)
 ParOldGen       total 144896K, used 144728K [0x0000000080000000, 0x0000000088d80000, 0x00000000d5580000)
  object space 144896K, 99% used [0x0000000080000000,0x0000000088d56088,0x0000000088d80000)
 Metaspace       used 54262K, committed 55616K, reserved 1114112K
  class space    used 5885K, committed 6464K, reserved 1048576K
}
Event: 9.913 GC heap after
{Heap after GC invocations=69 (full 2):
 PSYoungGen      total 12288K, used 1840K [0x00000000d5580000, 0x00000000d6480000, 0x0000000100000000)
  eden space 10240K, 0% used [0x00000000d5580000,0x00000000d5580000,0x00000000d5f80000)
  from space 2048K, 89% used [0x00000000d5f80000,0x00000000d614c368,0x00000000d6180000)
  to   space 2560K, 0% used [0x00000000d6200000,0x00000000d6200000,0x00000000d6480000)
 ParOldGen       total 146944K, used 146436K [0x0000000080000000, 0x0000000088f80000, 0x00000000d5580000)
  object space 146944K, 99% used [0x0000000080000000,0x0000000088f011f0,0x0000000088f80000)
 Metaspace       used 54262K, committed 55616K, reserved 1114112K
  class space    used 5885K, committed 6464K, reserved 1048576K
}
Event: 9.927 GC heap before
{Heap before GC invocations=70 (full 2):
 PSYoungGen      total 12288K, used 12080K [0x00000000d5580000, 0x00000000d6480000, 0x0000000100000000)
  eden space 10240K, 100% used [0x00000000d5580000,0x00000000d5f80000,0x00000000d5f80000)
  from space 2048K, 89% used [0x00000000d5f80000,0x00000000d614c368,0x00000000d6180000)
  to   space 2560K, 0% used [0x00000000d6200000,0x00000000d6200000,0x00000000d6480000)
 ParOldGen       total 146944K, used 146436K [0x0000000080000000, 0x0000000088f80000, 0x00000000d5580000)
  object space 146944K, 99% used [0x0000000080000000,0x0000000088f011f0,0x0000000088f80000)
 Metaspace       used 54262K, committed 55616K, reserved 1114112K
  class space    used 5885K, committed 6464K, reserved 1048576K
}
Event: 9.929 GC heap after
{Heap after GC invocations=70 (full 2):
 PSYoungGen      total 12288K, used 1672K [0x00000000d5580000, 0x00000000d6400000, 0x0000000100000000)
  eden space 10240K, 0% used [0x00000000d5580000,0x00000000d5580000,0x00000000d5f80000)
  from space 2048K, 81% used [0x00000000d6200000,0x00000000d63a20a8,0x00000000d6400000)
  to   space 2048K, 0% used [0x00000000d5f80000,0x00000000d5f80000,0x00000000d6180000)
 ParOldGen       total 147456K, used 147322K [0x0000000080000000, 0x0000000089000000, 0x00000000d5580000)
  object space 147456K, 99% used [0x0000000080000000,0x0000000088fde928,0x0000000089000000)
 Metaspace       used 54262K, committed 55616K, reserved 1114112K
  class space    used 5885K, committed 6464K, reserved 1048576K
}
Event: 9.958 GC heap before
{Heap before GC invocations=71 (full 2):
 PSYoungGen      total 12288K, used 11912K [0x00000000d5580000, 0x00000000d6400000, 0x0000000100000000)
  eden space 10240K, 100% used [0x00000000d5580000,0x00000000d5f80000,0x00000000d5f80000)
  from space 2048K, 81% used [0x00000000d6200000,0x00000000d63a20a8,0x00000000d6400000)
  to   space 2048K, 0% used [0x00000000d5f80000,0x00000000d5f80000,0x00000000d6180000)
 ParOldGen       total 147456K, used 147322K [0x0000000080000000, 0x0000000089000000, 0x00000000d5580000)
  object space 147456K, 99% used [0x0000000080000000,0x0000000088fde928,0x0000000089000000)
 Metaspace       used 54579K, committed 55936K, reserved 1114112K
  class space    used 5904K, committed 6464K, reserved 1048576K
}
Event: 9.960 GC heap after
{Heap after GC invocations=71 (full 2):
 PSYoungGen      total 12288K, used 1591K [0x00000000d5580000, 0x00000000d6380000, 0x0000000100000000)
  eden space 10240K, 0% used [0x00000000d5580000,0x00000000d5580000,0x00000000d5f80000)
  from space 2048K, 77% used [0x00000000d5f80000,0x00000000d610de48,0x00000000d6180000)
  to   space 2048K, 0% used [0x00000000d6180000,0x00000000d6180000,0x00000000d6380000)
 ParOldGen       total 148480K, used 148006K [0x0000000080000000, 0x0000000089100000, 0x00000000d5580000)
  object space 148480K, 99% used [0x0000000080000000,0x0000000089089a78,0x0000000089100000)
 Metaspace       used 54579K, committed 55936K, reserved 1114112K
  class space    used 5904K, committed 6464K, reserved 1048576K
}
Event: 9.991 GC heap before
{Heap before GC invocations=72 (full 2):
 PSYoungGen      total 12288K, used 11831K [0x00000000d5580000, 0x00000000d6380000, 0x0000000100000000)
  eden space 10240K, 100% used [0x00000000d5580000,0x00000000d5f80000,0x00000000d5f80000)
  from space 2048K, 77% used [0x00000000d5f80000,0x00000000d610de48,0x00000000d6180000)
  to   space 2048K, 0% used [0x00000000d6180000,0x00000000d6180000,0x00000000d6380000)
 ParOldGen       total 148480K, used 148006K [0x0000000080000000, 0x0000000089100000, 0x00000000d5580000)
  object space 148480K, 99% used [0x0000000080000000,0x0000000089089a78,0x0000000089100000)
 Metaspace       used 55038K, committed 56384K, reserved 1114112K
  class space    used 5949K, committed 6528K, reserved 1048576K
}
Event: 9.994 GC heap after
{Heap after GC invocations=72 (full 2):
 PSYoungGen      total 12288K, used 1867K [0x00000000d5580000, 0x00000000d6380000, 0x0000000100000000)
  eden space 10240K, 0% used [0x00000000d5580000,0x00000000d5580000,0x00000000d5f80000)
  from space 2048K, 91% used [0x00000000d6180000,0x00000000d6352d80,0x00000000d6380000)
  to   space 2048K, 0% used [0x00000000d5f80000,0x00000000d5f80000,0x00000000d6180000)
 ParOldGen       total 149504K, used 149413K [0x0000000080000000, 0x0000000089200000, 0x00000000d5580000)
  object space 149504K, 99% used [0x0000000080000000,0x00000000891e9670,0x0000000089200000)
 Metaspace       used 55038K, committed 56384K, reserved 1114112K
  class space    used 5949K, committed 6528K, reserved 1048576K
}
Event: 10.015 GC heap before
{Heap before GC invocations=73 (full 2):
 PSYoungGen      total 12288K, used 12107K [0x00000000d5580000, 0x00000000d6380000, 0x0000000100000000)
  eden space 10240K, 100% used [0x00000000d5580000,0x00000000d5f80000,0x00000000d5f80000)
  from space 2048K, 91% used [0x00000000d6180000,0x00000000d6352d80,0x00000000d6380000)
  to   space 2048K, 0% used [0x00000000d5f80000,0x00000000d5f80000,0x00000000d6180000)
 ParOldGen       total 149504K, used 149413K [0x0000000080000000, 0x0000000089200000, 0x00000000d5580000)
  object space 149504K, 99% used [0x0000000080000000,0x00000000891e9670,0x0000000089200000)
 Metaspace       used 55267K, committed 56640K, reserved 1114112K
  class space    used 5972K, committed 6592K, reserved 1048576K
}
Event: 11.155 GC heap after
{Heap after GC invocations=73 (full 2):
 PSYoungGen      total 12288K, used 2044K [0x00000000d5580000, 0x00000000d6980000, 0x0000000100000000)
  eden space 10240K, 0% used [0x00000000d5580000,0x00000000d5580000,0x00000000d5f80000)
  from space 2048K, 99% used [0x00000000d5f80000,0x00000000d617f168,0x00000000d6180000)
  to   space 4096K, 0% used [0x00000000d6580000,0x00000000d6580000,0x00000000d6980000)
 ParOldGen       total 151552K, used 151073K [0x0000000080000000, 0x0000000089400000, 0x00000000d5580000)
  object space 151552K, 99% used [0x0000000080000000,0x0000000089388538,0x0000000089400000)
 Metaspace       used 55267K, committed 56640K, reserved 1114112K
  class space    used 5972K, committed 6592K, reserved 1048576K
}

