# JRE version: OpenJDK Runtime Environment Temurin-21.0.9+10 (21.0.9+10) (build 21.0.9+10-LTS)
# Java VM: OpenJDK 64-Bit Server VM Temurin-21.0.9+10 (21.0.9+10-LTS, mixed mode, sharing, tiered, compressed oops, compressed class ptrs, parallel gc, windows-amd64)
GC Precious Log:
 CardTable entry size: 512
 CPUs: 12 total, 12 available
 Memory: 7915M
 Large Page Support: Disabled
 NUMA Support: Disabled
 Compressed Oops: Enabled (32-bit)
 Alignments: Space 512K, Generation 512K, Heap 2M
 Heap Min Capacity: 100M
 Heap Initial Capacity: 100M
 Heap Max Capacity: 2G
 Pre-touch: Disabled
 Parallel Workers: 10
Heap:
 PSYoungGen      total 12288K, used 11589K [0x00000000d5580000, 0x00000000d6580000, 0x0000000100000000)
  eden space 9216K, 100% used [0x00000000d5580000,0x00000000d5e80000,0x00000000d5e80000)
  from space 3072K, 77% used [0x00000000d5e80000,0x00000000d60d1738,0x00000000d6180000)
  to   space 2560K, 86% used [0x00000000d6300000,0x00000000d65272d0,0x00000000d6580000)
 ParOldGen       total 157696K, used 157693K [0x0000000080000000, 0x0000000089a00000, 0x00000000d5580000)
  object space 157696K, 99% used [0x0000000080000000,0x00000000899ff5b8,0x0000000089a00000)
 Metaspace       used 52947K, committed 54400K, reserved 1114112K
  class space    used 5789K, committed 6464K, reserved 1048576K
GC Heap History (20 events):
Event: 14.511 GC heap after
{Heap after GC invocations=62 (full 2):
 PSYoungGen      total 13312K, used 2514K [0x00000000d5580000, 0x00000000d6600000, 0x0000000100000000)
  eden space 10752K, 0% used [0x00000000d5580000,0x00000000d5580000,0x00000000d6000000)
  from space 2560K, 98% used [0x00000000d6380000,0x00000000d65f4ba8,0x00000000d6600000)
  to   space 3072K, 0% used [0x00000000d6000000,0x00000000d6000000,0x00000000d6300000)
 ParOldGen       total 137216K, used 136796K [0x0000000080000000, 0x0000000088600000, 0x00000000d5580000)
  object space 137216K, 99% used [0x0000000080000000,0x0000000088597228,0x0000000088600000)
 Metaspace       used 52530K, committed 53952K, reserved 1114112K
  class space    used 5757K, committed 6400K, reserved 1048576K
}
Event: 15.557 GC heap before
{Heap before GC invocations=63 (full 2):
 PSYoungGen      total 13312K, used 13266K [0x00000000d5580000, 0x00000000d6600000, 0x0000000100000000)
  eden space 10752K, 100% used [0x00000000d5580000,0x00000000d6000000,0x00000000d6000000)
  from space 2560K, 98% used [0x00000000d6380000,0x00000000d65f4ba8,0x00000000d6600000)
  to   space 3072K, 0% used [0x00000000d6000000,0x00000000d6000000,0x00000000d6300000)
 ParOldGen       total 137216K, used 136796K [0x0000000080000000, 0x0000000088600000, 0x00000000d5580000)
  object space 137216K, 99% used [0x0000000080000000,0x0000000088597228,0x0000000088600000)
 Metaspace       used 52928K, committed 54400K, reserved 1114112K
  class space    used 5789K, committed 6464K, reserved 1048576K
}
Event: 15.559 GC heap after
{Heap after GC invocations=63 (full 2):
 PSYoungGen      total 12800K, used 2016K [0x00000000d5580000, 0x00000000d6500000, 0x0000000100000000)
  eden space 10752K, 0% used [0x00000000d5580000,0x00000000d5580000,0x00000000d6000000)
  from space 2048K, 98% used [0x00000000d6000000,0x00000000d61f8258,0x00000000d6200000)
  to   space 2560K, 0% used [0x00000000d6280000,0x00000000d6280000,0x00000000d6500000)
 ParOldGen       total 139264K, used 139093K [0x0000000080000000, 0x0000000088800000, 0x00000000d5580000)
  object space 139264K, 99% used [0x0000000080000000,0x00000000887d5448,0x0000000088800000)
 Metaspace       used 52928K, committed 54400K, reserved 1114112K
  class space    used 5789K, committed 6464K, reserved 1048576K
}
Event: 16.339 GC heap before
{Heap before GC invocations=64 (full 2):
 PSYoungGen      total 12800K, used 12768K [0x00000000d5580000, 0x00000000d6500000, 0x0000000100000000)
  eden space 10752K, 100% used [0x00000000d5580000,0x00000000d6000000,0x00000000d6000000)
  from space 2048K, 98% used [0x00000000d6000000,0x00000000d61f8258,0x00000000d6200000)
  to   space 2560K, 0% used [0x00000000d6280000,0x00000000d6280000,0x00000000d6500000)
 ParOldGen       total 139264K, used 139093K [0x0000000080000000, 0x0000000088800000, 0x00000000d5580000)
  object space 139264K, 99% used [0x0000000080000000,0x00000000887d5448,0x0000000088800000)
 Metaspace       used 52932K, committed 54400K, reserved 1114112K
  class space    used 5789K, committed 6464K, reserved 1048576K
}
Event: 16.342 GC heap after
{Heap after GC invocations=64 (full 2):
 PSYoungGen      total 12800K, used 2548K [0x00000000d5580000, 0x00000000d6600000, 0x0000000100000000)
  eden space 10240K, 0% used [0x00000000d5580000,0x00000000d5580000,0x00000000d5f80000)
  from space 2560K, 99% used [0x00000000d6280000,0x00000000d64fd260,0x00000000d6500000)
  to   space 3072K, 0% used [0x00000000d5f80000,0x00000000d5f80000,0x00000000d6280000)
 ParOldGen       total 141312K, used 140994K [0x0000000080000000, 0x0000000088a00000, 0x00000000d5580000)
  object space 141312K, 99% used [0x0000000080000000,0x00000000889b08d0,0x0000000088a00000)
 Metaspace       used 52932K, committed 54400K, reserved 1114112K
  class space    used 5789K, committed 6464K, reserved 1048576K
}
Event: 17.317 GC heap before
{Heap before GC invocations=65 (full 2):
 PSYoungGen      total 12800K, used 12788K [0x00000000d5580000, 0x00000000d6600000, 0x0000000100000000)
  eden space 10240K, 100% used [0x00000000d5580000,0x00000000d5f80000,0x00000000d5f80000)
  from space 2560K, 99% used [0x00000000d6280000,0x00000000d64fd260,0x00000000d6500000)
  to   space 3072K, 0% used [0x00000000d5f80000,0x00000000d5f80000,0x00000000d6280000)
 ParOldGen       total 141312K, used 140994K [0x0000000080000000, 0x0000000088a00000, 0x00000000d5580000)
  object space 141312K, 99% used [0x0000000080000000,0x00000000889b08d0,0x0000000088a00000)
 Metaspace       used 52942K, committed 54400K, reserved 1114112K
  class space    used 5789K, committed 6464K, reserved 1048576K
}
Event: 17.322 GC heap after
{Heap after GC invocations=65 (full 2):
 PSYoungGen      total 12800K, used 2385K [0x00000000d5580000, 0x00000000d6480000, 0x0000000100000000)
  eden space 10240K, 0% used [0x00000000d5580000,0x00000000d5580000,0x00000000d5f80000)
  from space 2560K, 93% used [0x00000000d5f80000,0x00000000d61d4498,0x00000000d6200000)
  to   space 2560K, 0% used [0x00000000d6200000,0x00000000d6200000,0x00000000d6480000)
 ParOldGen       total 143872K, used 143400K [0x0000000080000000, 0x0000000088c80000, 0x00000000d5580000)
  object space 143872K, 99% used [0x0000000080000000,0x0000000088c0a128,0x0000000088c80000)
 Metaspace       used 52942K, committed 54400K, reserved 1114112K
  class space    used 5789K, committed 6464K, reserved 1048576K
}
Event: 18.250 GC heap before
{Heap before GC invocations=66 (full 2):
 PSYoungGen      total 12800K, used 12625K [0x00000000d5580000, 0x00000000d6480000, 0x0000000100000000)
  eden space 10240K, 100% used [0x00000000d5580000,0x00000000d5f80000,0x00000000d5f80000)
  from space 2560K, 93% used [0x00000000d5f80000,0x00000000d61d4498,0x00000000d6200000)
  to   space 2560K, 0% used [0x00000000d6200000,0x00000000d6200000,0x00000000d6480000)
 ParOldGen       total 143872K, used 143400K [0x0000000080000000, 0x0000000088c80000, 0x00000000d5580000)
  object space 143872K, 99% used [0x0000000080000000,0x0000000088c0a128,0x0000000088c80000)
 Metaspace       used 52942K, committed 54400K, reserved 1114112K
  class space    used 5789K, committed 6464K, reserved 1048576K
}
Event: 18.255 GC heap after
{Heap after GC invocations=66 (full 2):
 PSYoungGen      total 12800K, used 2333K [0x00000000d5580000, 0x00000000d6480000, 0x0000000100000000)
  eden space 10240K, 0% used [0x00000000d5580000,0x00000000d5580000,0x00000000d5f80000)
  from space 2560K, 91% used [0x00000000d6200000,0x00000000d64474e0,0x00000000d6480000)
  to   space 2560K, 0% used [0x00000000d5f80000,0x00000000d5f80000,0x00000000d6200000)
 ParOldGen       total 145920K, used 145564K [0x0000000080000000, 0x0000000088e80000, 0x00000000d5580000)
  object space 145920K, 99% used [0x0000000080000000,0x0000000088e271e8,0x0000000088e80000)
 Metaspace       used 52942K, committed 54400K, reserved 1114112K
  class space    used 5789K, committed 6464K, reserved 1048576K
}
Event: 18.359 GC heap before
{Heap before GC invocations=67 (full 2):
 PSYoungGen      total 12800K, used 12573K [0x00000000d5580000, 0x00000000d6480000, 0x0000000100000000)
  eden space 10240K, 100% used [0x00000000d5580000,0x00000000d5f80000,0x00000000d5f80000)
  from space 2560K, 91% used [0x00000000d6200000,0x00000000d64474e0,0x00000000d6480000)
  to   space 2560K, 0% used [0x00000000d5f80000,0x00000000d5f80000,0x00000000d6200000)
 ParOldGen       total 145920K, used 145564K [0x0000000080000000, 0x0000000088e80000, 0x00000000d5580000)
  object space 145920K, 99% used [0x0000000080000000,0x0000000088e271e8,0x0000000088e80000)
 Metaspace       used 52942K, committed 54400K, reserved 1114112K
  class space    used 5789K, committed 6464K, reserved 1048576K
}
Event: 18.362 GC heap after
{Heap after GC invocations=67 (full 2):
 PSYoungGen      total 12800K, used 2427K [0x00000000d5580000, 0x00000000d6480000, 0x0000000100000000)
  eden space 10240K, 0% used [0x00000000d5580000,0x00000000d5580000,0x00000000d5f80000)
  from space 2560K, 94% used [0x00000000d5f80000,0x00000000d61deca8,0x00000000d6200000)
  to   space 2560K, 0% used [0x00000000d6200000,0x00000000d6200000,0x00000000d6480000)
 ParOldGen       total 147968K, used 147767K [0x0000000080000000, 0x0000000089080000, 0x00000000d5580000)
  object space 147968K, 99% used [0x0000000080000000,0x000000008904dc00,0x0000000089080000)
 Metaspace       used 52942K, committed 54400K, reserved 1114112K
  class space    used 5789K, committed 6464K, reserved 1048576K
}
Event: 18.447 GC heap before
{Heap before GC invocations=68 (full 2):
 PSYoungGen      total 12800K, used 12667K [0x00000000d5580000, 0x00000000d6480000, 0x0000000100000000)
  eden space 10240K, 100% used [0x00000000d5580000,0x00000000d5f80000,0x00000000d5f80000)
  from space 2560K, 94% used [0x00000000d5f80000,0x00000000d61deca8,0x00000000d6200000)
  to   space 2560K, 0% used [0x00000000d6200000,0x00000000d6200000,0x00000000d6480000)
 ParOldGen       total 147968K, used 147767K [0x0000000080000000, 0x0000000089080000, 0x00000000d5580000)
  object space 147968K, 99% used [0x0000000080000000,0x000000008904dc00,0x0000000089080000)
 Metaspace       used 52945K, committed 54400K, reserved 1114112K
  class space    used 5789K, committed 6464K, reserved 1048576K
}
Event: 18.451 GC heap after
{Heap after GC invocations=68 (full 2):
 PSYoungGen      total 12288K, used 2537K [0x00000000d5580000, 0x00000000d6580000, 0x0000000100000000)
  eden space 9728K, 0% used [0x00000000d5580000,0x00000000d5580000,0x00000000d5f00000)
  from space 2560K, 99% used [0x00000000d6200000,0x00000000d647a7c0,0x00000000d6480000)
  to   space 3072K, 0% used [0x00000000d5f00000,0x00000000d5f00000,0x00000000d6200000)
 ParOldGen       total 150016K, used 149982K [0x0000000080000000, 0x0000000089280000, 0x00000000d5580000)
  object space 150016K, 99% used [0x0000000080000000,0x0000000089277870,0x0000000089280000)
 Metaspace       used 52945K, committed 54400K, reserved 1114112K
  class space    used 5789K, committed 6464K, reserved 1048576K
}
Event: 18.510 GC heap before
{Heap before GC invocations=69 (full 2):
 PSYoungGen      total 12288K, used 12265K [0x00000000d5580000, 0x00000000d6580000, 0x0000000100000000)
  eden space 9728K, 100% used [0x00000000d5580000,0x00000000d5f00000,0x00000000d5f00000)
  from space 2560K, 99% used [0x00000000d6200000,0x00000000d647a7c0,0x00000000d6480000)
  to   space 3072K, 0% used [0x00000000d5f00000,0x00000000d5f00000,0x00000000d6200000)
 ParOldGen       total 150016K, used 149982K [0x0000000080000000, 0x0000000089280000, 0x00000000d5580000)
  object space 150016K, 99% used [0x0000000080000000,0x0000000089277870,0x0000000089280000)
 Metaspace       used 52945K, committed 54400K, reserved 1114112K
  class space    used 5789K, committed 6464K, reserved 1048576K
}
Event: 18.514 GC heap after
{Heap after GC invocations=69 (full 2):
 PSYoungGen      total 12288K, used 2338K [0x00000000d5580000, 0x00000000d6400000, 0x0000000100000000)
  eden space 9728K, 0% used [0x00000000d5580000,0x00000000d5580000,0x00000000d5f00000)
  from space 2560K, 91% used [0x00000000d5f00000,0x00000000d61489b8,0x00000000d6180000)
  to   space 2560K, 0% used [0x00000000d6180000,0x00000000d6180000,0x00000000d6400000)
 ParOldGen       total 152576K, used 152352K [0x0000000080000000, 0x0000000089500000, 0x00000000d5580000)
  object space 152576K, 99% used [0x0000000080000000,0x00000000894c83f0,0x0000000089500000)
 Metaspace       used 52945K, committed 54400K, reserved 1114112K
  class space    used 5789K, committed 6464K, reserved 1048576K
}
Event: 18.626 GC heap before
{Heap before GC invocations=70 (full 2):
 PSYoungGen      total 12288K, used 12066K [0x00000000d5580000, 0x00000000d6400000, 0x0000000100000000)
  eden space 9728K, 100% used [0x00000000d5580000,0x00000000d5f00000,0x00000000d5f00000)
  from space 2560K, 91% used [0x00000000d5f00000,0x00000000d61489b8,0x00000000d6180000)
  to   space 2560K, 0% used [0x00000000d6180000,0x00000000d6180000,0x00000000d6400000)
 ParOldGen       total 152576K, used 152352K [0x0000000080000000, 0x0000000089500000, 0x00000000d5580000)
  object space 152576K, 99% used [0x0000000080000000,0x00000000894c83f0,0x0000000089500000)
 Metaspace       used 52945K, committed 54400K, reserved 1114112K
  class space    used 5789K, committed 6464K, reserved 1048576K
}
Event: 18.629 GC heap after
{Heap after GC invocations=70 (full 2):
 PSYoungGen      total 11776K, used 2534K [0x00000000d5580000, 0x00000000d6500000, 0x0000000100000000)
  eden space 9216K, 0% used [0x00000000d5580000,0x00000000d5580000,0x00000000d5e80000)
  from space 2560K, 98% used [0x00000000d6180000,0x00000000d63f9908,0x00000000d6400000)
  to   space 3072K, 0% used [0x00000000d5e80000,0x00000000d5e80000,0x00000000d6180000)
 ParOldGen       total 154624K, used 154541K [0x0000000080000000, 0x0000000089700000, 0x00000000d5580000)
  object space 154624K, 99% used [0x0000000080000000,0x00000000896eb458,0x0000000089700000)
 Metaspace       used 52945K, committed 54400K, reserved 1114112K
  class space    used 5789K, committed 6464K, reserved 1048576K
}
Event: 18.677 GC heap before
{Heap before GC invocations=71 (full 2):
 PSYoungGen      total 11776K, used 11750K [0x00000000d5580000, 0x00000000d6500000, 0x0000000100000000)
  eden space 9216K, 100% used [0x00000000d5580000,0x00000000d5e80000,0x00000000d5e80000)
  from space 2560K, 98% used [0x00000000d6180000,0x00000000d63f9908,0x00000000d6400000)
  to   space 3072K, 0% used [0x00000000d5e80000,0x00000000d5e80000,0x00000000d6180000)
 ParOldGen       total 154624K, used 154541K [0x0000000080000000, 0x0000000089700000, 0x00000000d5580000)
  object space 154624K, 99% used [0x0000000080000000,0x00000000896eb458,0x0000000089700000)
 Metaspace       used 52945K, committed 54400K, reserved 1114112K
  class space    used 5789K, committed 6464K, reserved 1048576K
}
Event: 19.684 GC heap after
{Heap after GC invocations=71 (full 2):
 PSYoungGen      total 12288K, used 2373K [0x00000000d5580000, 0x00000000d6580000, 0x0000000100000000)
  eden space 9216K, 0% used [0x00000000d5580000,0x00000000d5580000,0x00000000d5e80000)
  from space 3072K, 77% used [0x00000000d5e80000,0x00000000d60d1738,0x00000000d6180000)
  to   space 2560K, 0% used [0x00000000d6300000,0x00000000d6300000,0x00000000d6580000)
 ParOldGen       total 157184K, used 156912K [0x0000000080000000, 0x0000000089980000, 0x00000000d5580000)
  object space 157184K, 99% used [0x0000000080000000,0x000000008993c0c0,0x0000000089980000)
 Metaspace       used 52945K, committed 54400K, reserved 1114112K
  class space    used 5789K, committed 6464K, reserved 1048576K
}
Event: 19.787 GC heap before
{Heap before GC invocations=72 (full 2):
 PSYoungGen      total 12288K, used 11589K [0x00000000d5580000, 0x00000000d6580000, 0x0000000100000000)
  eden space 9216K, 100% used [0x00000000d5580000,0x00000000d5e80000,0x00000000d5e80000)
  from space 3072K, 77% used [0x00000000d5e80000,0x00000000d60d1738,0x00000000d6180000)
  to   space 2560K, 0% used [0x00000000d6300000,0x00000000d6300000,0x00000000d6580000)
 ParOldGen       total 157184K, used 156912K [0x0000000080000000, 0x0000000089980000, 0x00000000d5580000)
  object space 157184K, 99% used [0x0000000080000000,0x000000008993c0c0,0x0000000089980000)
 Metaspace       used 52947K, committed 54400K, reserved 1114112K
  class space    used 5789K, committed 6464K, reserved 1048576K
}

